<?xml version='1.0' encoding='UTF-8'?>
<hotspot_log version='160 1' process='7080' time_ms='1660794582279'>
<vm_version>
<name>
OpenJDK 64-Bit Server VM
</name>
<release>
25.332-b09
</release>
<info>
OpenJDK 64-Bit Server VM (25.332-b09) for windows-amd64 JRE (Zulu 8.62.0.19-CA-win64) (1.8.0_332-b09), built on Apr 18 2022 15:32:49 by &quot;tester&quot; with MS VC++ 15.9 (VS2017)
</info>
</vm_version>
<vm_arguments>
<args>
-Dexe4j.semaphoreName=Local\c:_users_hp_desktop_nexus-3.41.0-01_bin_nexus.exe -Dexe4j.isInstall4j=true -Dexe4j.moduleName=C:\Users\HP\Desktop\nexus-3.41.0-01\bin\nexus.exe -Dexe4j.tempDir= -Dexe4j.unextractedPosition=0 -Djava.library.path=C:\Users\HP\Desktop\nexus-3.41.0-01\bin\..\lib;C:\Program Files\Common Files\Oracle\Java\javapath;C:\windows\system32;C:\windows;C:\windows\System32\Wbem;C:\windows\System32\WindowsPowerShell\v1.0\;C:\windows\System32\OpenSSH\;C:\Program Files (x86)\Notepad++;C:\Program Files (x86)\PuTTY\;C:\Program Files\PuTTY\;C:\Program Files\Git\cmd;C:\Program Files (x86)\Notepad++;C:\Program Files (x86)\Notepad++;C:\Program Files\Perforce\;C:\Program Files\Perforce;C:\Program Files\apache-ant-1.9.16\bin;C:\Program Files\Java\jdk-18.0.2\bin;C:\Program Files\apache-maven-3.8.6\bin;C:\Program Files\jdk-11.0.1;C:\Users\HP\AppData\Local\Microsoft\WindowsApps;C:\Users\HP\AppData\Local\GitHubDesktop\bin;C:\ProgramData\HP\GitHubDesktop\bin;C:\Program Files\apache-maven-3.8.6\bin;;c:\users\hp\desktop\nexus-3.41.0-01\jre\bin -Dexe4j.consoleCodepage=cp437 -XX:+UnlockDiagnosticVMOptions -Dinstall4j.launcherId=245 -Dinstall4j.swt=false -Xms2703m -Xmx2703m -XX:MaxDirectMemorySize=2703m -XX:+UnlockDiagnosticVMOptions -XX:+LogVMOutput -XX:LogFile=../sonatype-work/nexus3/log/jvm.log -XX:-OmitStackTraceInFastThrow -Djava.net.preferIPv4Stack=true -Dkaraf.home=. -Dkaraf.base=. -Dkaraf.etc=etc/karaf -Djava.util.logging.config.file=etc/karaf/java.util.logging.properties -Dkaraf.data=../sonatype-work/nexus3 -Dkaraf.log=../sonatype-work/nexus3/log -Djava.io.tmpdir=../sonatype-work/nexus3/tmp -Dkaraf.startLocalConsole=false -Djdk.tls.ephemeralDHKeySize=2048 -Djava.endorsed.dirs=lib/endorsed -Dinstall4j.noRedir=true 
</args>
<command>
C:\Users\HP\Desktop\nexus-3.41.0-01\bin\nexus.exe
</command>
<launcher>
generic
</launcher>
<properties>
java.vm.specification.name=Java Virtual Machine Specification
java.vm.version=25.332-b09
java.vm.name=OpenJDK 64-Bit Server VM
java.vm.info=mixed mode, sharing
java.ext.dirs=c:\users\hp\desktop\nexus-3.41.0-01\jre\lib\ext;C:\windows\Sun\Java\lib\ext
java.endorsed.dirs=lib/endorsed
sun.boot.library.path=c:\users\hp\desktop\nexus-3.41.0-01\jre\bin
java.library.path=C:\Users\HP\Desktop\nexus-3.41.0-01\bin\..\lib;C:\Program Files\Common Files\Oracle\Java\javapath;C:\windows\system32;C:\windows;C:\windows\System32\Wbem;C:\windows\System32\WindowsPowerShell\v1.0\;C:\windows\System32\OpenSSH\;C:\Program Files (x86)\Notepad++;C:\Program Files (x86)\PuTTY\;C:\Program Files\PuTTY\;C:\Program Files\Git\cmd;C:\Program Files (x86)\Notepad++;C:\Program Files (x86)\Notepad++;C:\Program Files\Perforce\;C:\Program Files\Perforce;C:\Program Files\apache-ant-1.9.16\bin;C:\Program Files\Java\jdk-18.0.2\bin;C:\Program Files\apache-maven-3.8.6\bin;C:\Program Files\jdk-11.0.1;C:\Users\HP\AppData\Local\Microsoft\WindowsApps;C:\Users\HP\AppData\Local\GitHubDesktop\bin;C:\ProgramData\HP\GitHubDesktop\bin;C:\Program Files\apache-maven-3.8.6\bin;;c:\users\hp\desktop\nexus-3.41.0-01\jre\bin
java.home=c:\users\hp\desktop\nexus-3.41.0-01\jre
java.class.path=C:\Users\HP\Desktop\nexus-3.41.0-01\.install4j\i4jruntime.jar;C:\Users\HP\Desktop\nexus-3.41.0-01\bin\..\lib\boot\nexus-main.jar;C:\Users\HP\Desktop\nexus-3.41.0-01\bin\..\lib\boot\activation-1.1.1.jar;C:\Users\HP\Desktop\nexus-3.41.0-01\bin\..\lib\boot\jakarta.xml.bind-api-2.3.3.jar;C:\Users\HP\Desktop\nexus-3.41.0-01\bin\..\lib\boot\jaxb-runtime-2.3.3.jar;C:\Users\HP\Desktop\nexus-3.41.0-01\bin\..\lib\boot\txw2-2.3.3.jar;C:\Users\HP\Desktop\nexus-3.41.0-01\bin\..\lib\boot\istack-commons-runtime-3.0.10.jar;C:\Users\HP\Desktop\nexus-3.41.0-01\bin\..\lib\boot\org.apache.karaf.main-4.3.6.jar;C:\Users\HP\Desktop\nexus-3.41.0-01\bin\..\lib\boot\osgi.core-7.0.0.jar;C:\Users\HP\Desktop\nexus-3.41.0-01\bin\..\lib\boot\org.apache.karaf.specs.activator-4.3.6.jar;C:\Users\HP\Desktop\nexus-3.41.0-01\bin\..\lib\boot\org.apache.karaf.diagnostic.boot-4.3.6.jar;C:\Users\HP\Desktop\nexus-3.41.0-01\bin\..\lib\boot\org.apache.karaf.jaas.boot-4.3.6.jar
sun.boot.class.path=lib/endorsed\org.apache.karaf.specs.java.xml-4.3.6.jar;lib/endorsed\org.apache.karaf.specs.locator-4.3.6.jar;c:\users\hp\desktop\nexus-3.41.0-01\jre\lib\resources.jar;c:\users\hp\desktop\nexus-3.41.0-01\jre\lib\rt.jar;c:\users\hp\desktop\nexus-3.41.0-01\jre\lib\sunrsasign.jar;c:\users\hp\desktop\nexus-3.41.0-01\jre\lib\jsse.jar;c:\users\hp\desktop\nexus-3.41.0-01\jre\lib\jce.jar;c:\users\hp\desktop\nexus-3.41.0-01\jre\lib\charsets.jar;c:\users\hp\desktop\nexus-3.41.0-01\jre\lib\jfr.jar;c:\users\hp\desktop\nexus-3.41.0-01\jre\lib\cat.jar;c:\users\hp\desktop\nexus-3.41.0-01\jre\classes
java.vm.specification.vendor=Oracle Corporation
java.vm.specification.version=1.8
java.vm.vendor=Azul Systems, Inc.
exe4j.semaphoreName=Local\c:_users_hp_desktop_nexus-3.41.0-01_bin_nexus.exe
exe4j.isInstall4j=true
exe4j.moduleName=C:\Users\HP\Desktop\nexus-3.41.0-01\bin\nexus.exe
sun.java.command=C:\Users\HP\Desktop\nexus-3.41.0-01\bin\nexus.exe
exe4j.tempDir=
exe4j.unextractedPosition=0
exe4j.consoleCodepage=cp437
install4j.launcherId=245
install4j.swt=false
java.net.preferIPv4Stack=true
karaf.home=.
karaf.base=.
karaf.etc=etc/karaf
java.util.logging.config.file=etc/karaf/java.util.logging.properties
karaf.data=../sonatype-work/nexus3
karaf.log=../sonatype-work/nexus3/log
java.io.tmpdir=../sonatype-work/nexus3/tmp
karaf.startLocalConsole=false
jdk.tls.ephemeralDHKeySize=2048
install4j.noRedir=true
</properties>
</vm_arguments>
<tty>
<blob name='MethodHandlesAdapterBlob' size='32000'>
<sect index='1' size='32000' free='31628'/>
</blob>
<writer thread='3068'/>
<dependency_failed type='leaf_type' ctxk='java/io/IOException' witness='java/io/FileNotFoundException' stamp='0.082'/>
<dependency_failed type='leaf_type' ctxk='java/io/BufferedReader' witness='java/io/LineNumberReader' stamp='0.131'/>
<dependency_failed type='leaf_type' ctxk='java/util/jar/JarFile' witness='sun/net/www/protocol/jar/URLJarFile' stamp='0.505'/>
<dependency_failed type='leaf_type' ctxk='java/util/jar/JarFile' witness='sun/net/www/protocol/jar/URLJarFile' stamp='0.505'/>
<dependency_failed type='leaf_type' ctxk='org/apache/felix/framework/wiring/BundleCapabilityImpl' witness='org/apache/felix/framework/ServiceRegistrationImpl$ServiceReferenceImpl' stamp='0.620'/>
<dependency_failed type='leaf_type' ctxk='org/apache/felix/framework/wiring/BundleCapabilityImpl' witness='org/apache/felix/framework/ServiceRegistrationImpl$ServiceReferenceImpl' stamp='0.620'/>
<dependency_failed type='leaf_type' ctxk='org/apache/felix/framework/wiring/BundleCapabilityImpl' witness='org/apache/felix/framework/ServiceRegistrationImpl$ServiceReferenceImpl' stamp='0.620'/>
<dependency_failed type='unique_concrete_method' ctxk='java/net/URLStreamHandler' x='java/net/URLStreamHandler equals (Ljava/net/URL;Ljava/net/URL;)Z' witness='org/apache/felix/framework/URLHandlersStreamHandlerProxy' stamp='0.624'/>
<dependency_failed type='unique_concrete_method' ctxk='java/net/URLStreamHandler' x='java/net/URLStreamHandler equals (Ljava/net/URL;Ljava/net/URL;)Z' witness='org/apache/felix/framework/URLHandlersStreamHandlerProxy' stamp='0.624'/>
<dependency_failed type='unique_concrete_method' ctxk='java/lang/Exception' x='java/lang/Throwable getMessage ()Ljava/lang/String;' witness='java/net/URISyntaxException' stamp='0.627'/>
<dependency_failed type='unique_concrete_method' ctxk='java/lang/ThreadLocal' x='java/lang/ThreadLocal getMap (Ljava/lang/Thread;)Ljava/lang/ThreadLocal$ThreadLocalMap;' witness='java/lang/InheritableThreadLocal' stamp='1.363'/>
<dependency_failed type='unique_concrete_method' ctxk='java/lang/ThreadLocal' x='java/lang/ThreadLocal getMap (Ljava/lang/Thread;)Ljava/lang/ThreadLocal$ThreadLocalMap;' witness='java/lang/InheritableThreadLocal' stamp='1.363'/>
<dependency_failed type='unique_concrete_method' ctxk='java/lang/ThreadLocal' x='java/lang/ThreadLocal getMap (Ljava/lang/Thread;)Ljava/lang/ThreadLocal$ThreadLocalMap;' witness='java/lang/InheritableThreadLocal' stamp='1.363'/>
<dependency_failed type='leaf_type' ctxk='java/util/Properties' witness='java/security/Provider' stamp='1.365'/>
<dependency_failed type='leaf_type' ctxk='java/util/Properties' witness='java/security/Provider' stamp='1.365'/>
<dependency_failed type='leaf_type' ctxk='java/util/Properties' witness='java/security/Provider' stamp='1.365'/>
<dependency_failed type='leaf_type' ctxk='java/util/Properties' witness='java/security/Provider' stamp='1.365'/>
<dependency_failed type='unique_concrete_method' ctxk='java/util/Properties' x='java/util/Hashtable put (Ljava/lang/Object;Ljava/lang/Object;)Ljava/lang/Object;' witness='java/security/Provider' stamp='1.365'/>
<dependency_failed type='leaf_type' ctxk='java/util/Properties' witness='java/security/Provider' stamp='1.365'/>
<dependency_failed type='leaf_type' ctxk='java/io/ByteArrayOutputStream' witness='sun/security/util/DerOutputStream' stamp='1.369'/>
<dependency_failed type='leaf_type' ctxk='java/util/HashSet' witness='java/util/LinkedHashSet' stamp='1.373'/>
<dependency_failed type='leaf_type' ctxk='java/util/HashSet' witness='java/util/LinkedHashSet' stamp='1.373'/>
<writer thread='16104'/>
<dependency_failed type='unique_concrete_method' ctxk='java/util/HashMap' x='java/util/HashMap remove (Ljava/lang/Object;)Ljava/lang/Object;' witness='java/lang/ProcessEnvironment' stamp='1.655'/>
<dependency_failed type='unique_concrete_method' ctxk='java/util/HashMap' x='java/util/HashMap containsKey (Ljava/lang/Object;)Z' witness='java/lang/ProcessEnvironment' stamp='1.655'/>
<dependency_failed type='unique_concrete_method' ctxk='java/util/HashMap' x='java/util/HashMap containsKey (Ljava/lang/Object;)Z' witness='java/lang/ProcessEnvironment' stamp='1.655'/>
<dependency_failed type='unique_concrete_method' ctxk='java/util/HashMap' x='java/util/HashMap containsKey (Ljava/lang/Object;)Z' witness='java/lang/ProcessEnvironment' stamp='1.655'/>
<dependency_failed type='unique_concrete_method' ctxk='java/util/HashMap' x='java/util/HashMap put (Ljava/lang/Object;Ljava/lang/Object;)Ljava/lang/Object;' witness='java/lang/ProcessEnvironment' stamp='1.655'/>
<dependency_failed type='unique_concrete_method' ctxk='java/util/HashMap' x='java/util/HashMap put (Ljava/lang/Object;Ljava/lang/Object;)Ljava/lang/Object;' witness='java/lang/ProcessEnvironment' stamp='1.655'/>
<dependency_failed type='unique_concrete_method' ctxk='java/util/HashMap' x='java/util/HashMap containsKey (Ljava/lang/Object;)Z' witness='java/lang/ProcessEnvironment' stamp='1.655'/>
<dependency_failed type='unique_concrete_method' ctxk='java/lang/Throwable' x='java/lang/Throwable fillInStackTrace ()Ljava/lang/Throwable;' witness='com/sun/org/apache/xerces/internal/impl/XMLEntityScanner$1' stamp='6.813'/>
<dependency_failed type='leaf_type' ctxk='java/util/ArrayList' witness='com/sun/istack/FinalArrayList' stamp='7.205'/>
<dependency_failed type='leaf_type' ctxk='java/util/ArrayList' witness='com/sun/istack/FinalArrayList' stamp='7.205'/>
<dependency_failed type='leaf_type' ctxk='java/util/ArrayList' witness='com/sun/istack/FinalArrayList' stamp='7.205'/>
<dependency_failed type='leaf_type' ctxk='java/util/ArrayList' witness='com/sun/istack/FinalArrayList' stamp='7.205'/>
<dependency_failed type='leaf_type' ctxk='java/util/ArrayList' witness='com/sun/istack/FinalArrayList' stamp='7.205'/>
<dependency_failed type='leaf_type' ctxk='java/util/ArrayList' witness='com/sun/istack/FinalArrayList' stamp='7.205'/>
<dependency_failed type='leaf_type' ctxk='java/util/ArrayList' witness='com/sun/istack/FinalArrayList' stamp='7.205'/>
<dependency_failed type='leaf_type' ctxk='java/util/ArrayList' witness='com/sun/istack/FinalArrayList' stamp='7.205'/>
<dependency_failed type='leaf_type' ctxk='java/util/ArrayList' witness='com/sun/istack/FinalArrayList' stamp='7.205'/>
<dependency_failed type='leaf_type' ctxk='java/util/ArrayList' witness='com/sun/istack/FinalArrayList' stamp='7.205'/>
<dependency_failed type='leaf_type' ctxk='java/util/ArrayList' witness='com/sun/istack/FinalArrayList' stamp='7.205'/>
<dependency_failed type='leaf_type' ctxk='java/util/ArrayList' witness='com/sun/istack/FinalArrayList' stamp='7.205'/>
<dependency_failed type='leaf_type' ctxk='java/util/ArrayList' witness='com/sun/istack/FinalArrayList' stamp='7.205'/>
<dependency_failed type='leaf_type' ctxk='java/util/ArrayList' witness='com/sun/istack/FinalArrayList' stamp='7.205'/>
<dependency_failed type='leaf_type' ctxk='java/util/ArrayList' witness='com/sun/istack/FinalArrayList' stamp='7.205'/>
<dependency_failed type='leaf_type' ctxk='java/util/ArrayList' witness='com/sun/istack/FinalArrayList' stamp='7.205'/>
<dependency_failed type='leaf_type' ctxk='java/util/ArrayList' witness='com/sun/istack/FinalArrayList' stamp='7.205'/>
<dependency_failed type='leaf_type' ctxk='java/util/ArrayList' witness='com/sun/istack/FinalArrayList' stamp='7.205'/>
<dependency_failed type='leaf_type' ctxk='java/util/ArrayList' witness='com/sun/istack/FinalArrayList' stamp='7.205'/>
<dependency_failed type='leaf_type' ctxk='java/util/ArrayList' witness='com/sun/istack/FinalArrayList' stamp='7.205'/>
<dependency_failed type='leaf_type' ctxk='java/util/ArrayList' witness='com/sun/istack/FinalArrayList' stamp='7.205'/>
<dependency_failed type='leaf_type' ctxk='java/util/ArrayList' witness='com/sun/istack/FinalArrayList' stamp='7.205'/>
<dependency_failed type='leaf_type' ctxk='java/util/ArrayList' witness='com/sun/istack/FinalArrayList' stamp='7.205'/>
<dependency_failed type='leaf_type' ctxk='java/util/ArrayList' witness='com/sun/istack/FinalArrayList' stamp='7.205'/>
<dependency_failed type='leaf_type' ctxk='java/util/ArrayList' witness='com/sun/istack/FinalArrayList' stamp='7.205'/>
<dependency_failed type='leaf_type' ctxk='java/util/ArrayList' witness='com/sun/istack/FinalArrayList' stamp='7.205'/>
<dependency_failed type='leaf_type' ctxk='java/util/ArrayList' witness='com/sun/istack/FinalArrayList' stamp='7.205'/>
<dependency_failed type='leaf_type' ctxk='java/util/ArrayList' witness='com/sun/istack/FinalArrayList' stamp='7.205'/>
<dependency_failed type='leaf_type' ctxk='java/util/ArrayList' witness='com/sun/istack/FinalArrayList' stamp='7.205'/>
<dependency_failed type='leaf_type' ctxk='java/util/ArrayList' witness='com/sun/istack/FinalArrayList' stamp='7.205'/>
<dependency_failed type='leaf_type' ctxk='java/util/ArrayList' witness='com/sun/istack/FinalArrayList' stamp='7.205'/>
<dependency_failed type='leaf_type' ctxk='java/util/ArrayList' witness='com/sun/istack/FinalArrayList' stamp='7.205'/>
<dependency_failed type='leaf_type' ctxk='java/util/ArrayList' witness='com/sun/istack/FinalArrayList' stamp='7.205'/>
<dependency_failed type='leaf_type' ctxk='java/util/ArrayList' witness='com/sun/istack/FinalArrayList' stamp='7.205'/>
<dependency_failed type='leaf_type' ctxk='java/util/ArrayList' witness='com/sun/istack/FinalArrayList' stamp='7.205'/>
<dependency_failed type='leaf_type' ctxk='java/util/ArrayList' witness='com/sun/istack/FinalArrayList' stamp='7.205'/>
<dependency_failed type='leaf_type' ctxk='java/util/ArrayList' witness='com/sun/istack/FinalArrayList' stamp='7.205'/>
<dependency_failed type='leaf_type' ctxk='java/util/Date' witness='java/sql/Timestamp' stamp='7.371'/>
<dependency_failed type='leaf_type' ctxk='com/sun/org/apache/xerces/internal/util/NamespaceSupport' witness='com/sun/org/apache/xerces/internal/impl/xs/SchemaNamespaceSupport' stamp='7.430'/>
<dependency_failed type='leaf_type' ctxk='com/sun/org/apache/xerces/internal/xni/QName' witness='com/sun/org/apache/xerces/internal/impl/dv/xs/QNameDV$XQName' stamp='7.432'/>
<dependency_failed type='leaf_type' ctxk='com/sun/org/apache/xerces/internal/xni/QName' witness='com/sun/org/apache/xerces/internal/impl/dv/xs/QNameDV$XQName' stamp='7.432'/>
<dependency_failed type='leaf_type' ctxk='java/util/ArrayList$Itr' witness='java/util/ArrayList$ListItr' stamp='7.451'/>
<dependency_failed type='leaf_type' ctxk='java/util/ArrayList$Itr' witness='java/util/ArrayList$ListItr' stamp='7.451'/>
<writer thread='13912'/>
<dependency_failed type='leaf_type' ctxk='java/util/concurrent/ThreadPoolExecutor' witness='java/util/concurrent/ScheduledThreadPoolExecutor' stamp='7.625'/>
<dependency_failed type='leaf_type' ctxk='java/util/concurrent/ThreadPoolExecutor' witness='java/util/concurrent/ScheduledThreadPoolExecutor' stamp='7.625'/>
<dependency_failed type='leaf_type' ctxk='java/util/concurrent/FutureTask' witness='java/util/concurrent/ScheduledThreadPoolExecutor$ScheduledFutureTask' stamp='7.700'/>
<dependency_failed type='leaf_type' ctxk='java/util/concurrent/FutureTask' witness='java/util/concurrent/ScheduledThreadPoolExecutor$ScheduledFutureTask' stamp='7.700'/>
<dependency_failed type='leaf_type' ctxk='java/util/concurrent/FutureTask' witness='java/util/concurrent/ScheduledThreadPoolExecutor$ScheduledFutureTask' stamp='7.700'/>
<dependency_failed type='leaf_type' ctxk='java/util/concurrent/FutureTask' witness='java/util/concurrent/ScheduledThreadPoolExecutor$ScheduledFutureTask' stamp='7.700'/>
<writer thread='14080'/>
<dependency_failed type='unique_concrete_method' ctxk='org/osgi/service/resolver/HostedCapability' x='org/apache/felix/resolver/WrappedCapability getDeclaredCapability ()Lorg/osgi/resource/Capability;' witness='org/osgi/service/resolver/HostedCapability' stamp='7.739'/>
<writer thread='16104'/>
<dependency_failed type='leaf_type' ctxk='org/osgi/framework/ServiceEvent' witness='org/apache/felix/scr/impl/manager/ExtendedServiceEvent' stamp='8.508'/>
<dependency_failed type='leaf_type' ctxk='org/osgi/framework/ServiceEvent' witness='org/apache/felix/scr/impl/manager/ExtendedServiceEvent' stamp='8.508'/>
<dependency_failed type='unique_concrete_method' ctxk='java/lang/IllegalArgumentException' x='java/lang/Throwable getMessage ()Ljava/lang/String;' witness='java/nio/file/InvalidPathException' stamp='8.695'/>
<dependency_failed type='leaf_type' ctxk='java/util/concurrent/atomic/AtomicLong' witness='org/eclipse/jetty/util/AtomicBiInteger' stamp='8.709'/>
<dependency_failed type='leaf_type' ctxk='java/util/concurrent/atomic/AtomicLong' witness='org/eclipse/jetty/util/AtomicBiInteger' stamp='8.709'/>
<dependency_failed type='leaf_type' ctxk='java/util/concurrent/atomic/AtomicLong' witness='org/eclipse/jetty/util/AtomicBiInteger' stamp='8.709'/>
<dependency_failed type='unique_concrete_method' ctxk='java/util/ArrayList' x='java/util/ArrayList add (Ljava/lang/Object;)Z' witness='javax/management/AttributeList' stamp='8.843'/>
<dependency_failed type='unique_concrete_method' ctxk='java/util/ArrayList' x='java/util/ArrayList add (Ljava/lang/Object;)Z' witness='javax/management/AttributeList' stamp='8.843'/>
<dependency_failed type='unique_concrete_method' ctxk='java/util/ArrayList' x='java/util/ArrayList add (Ljava/lang/Object;)Z' witness='javax/management/AttributeList' stamp='8.843'/>
<dependency_failed type='unique_concrete_method' ctxk='java/util/ArrayList' x='java/util/ArrayList add (Ljava/lang/Object;)Z' witness='javax/management/AttributeList' stamp='8.843'/>
<dependency_failed type='unique_concrete_method' ctxk='java/util/ArrayList' x='java/util/ArrayList add (Ljava/lang/Object;)Z' witness='javax/management/AttributeList' stamp='8.843'/>
<dependency_failed type='unique_concrete_method' ctxk='java/util/ArrayList' x='java/util/ArrayList add (Ljava/lang/Object;)Z' witness='javax/management/AttributeList' stamp='8.843'/>
<dependency_failed type='unique_concrete_method' ctxk='java/util/ArrayList' x='java/util/ArrayList add (Ljava/lang/Object;)Z' witness='javax/management/AttributeList' stamp='8.843'/>
<dependency_failed type='unique_concrete_method' ctxk='java/util/ArrayList' x='java/util/ArrayList add (Ljava/lang/Object;)Z' witness='javax/management/AttributeList' stamp='8.843'/>
<dependency_failed type='unique_concrete_method' ctxk='java/util/ArrayList' x='java/util/ArrayList add (Ljava/lang/Object;)Z' witness='javax/management/AttributeList' stamp='8.843'/>
<dependency_failed type='unique_concrete_method' ctxk='java/util/ArrayList' x='java/util/ArrayList add (Ljava/lang/Object;)Z' witness='javax/management/AttributeList' stamp='8.843'/>
<dependency_failed type='unique_concrete_method' ctxk='java/util/ArrayList' x='java/util/ArrayList add (Ljava/lang/Object;)Z' witness='javax/management/AttributeList' stamp='8.843'/>
<writer thread='11664'/>
<dependency_failed type='unique_concrete_method' ctxk='java/util/ArrayList' x='java/util/ArrayList add (Ljava/lang/Object;)Z' witness='javax/management/AttributeList' stamp='8.845'/>
<writer thread='6244'/>
<dependency_failed type='unique_concrete_method' ctxk='java/util/StringTokenizer' x='java/util/StringTokenizer nextToken ()Ljava/lang/String;' witness='org/eclipse/jetty/util/QuotedStringTokenizer' stamp='8.939'/>
<dependency_failed type='leaf_type' ctxk='java/util/StringTokenizer' witness='org/eclipse/jetty/util/QuotedStringTokenizer' stamp='8.939'/>
<dependency_failed type='leaf_type' ctxk='java/util/StringTokenizer' witness='org/eclipse/jetty/util/QuotedStringTokenizer' stamp='8.939'/>
<dependency_failed type='leaf_type' ctxk='java/util/StringTokenizer' witness='org/eclipse/jetty/util/QuotedStringTokenizer' stamp='8.939'/>
<dependency_failed type='leaf_type' ctxk='java/util/StringTokenizer' witness='org/eclipse/jetty/util/QuotedStringTokenizer' stamp='8.939'/>
<dependency_failed type='leaf_type' ctxk='java/util/StringTokenizer' witness='org/eclipse/jetty/util/QuotedStringTokenizer' stamp='8.939'/>
<dependency_failed type='leaf_type' ctxk='java/util/StringTokenizer' witness='org/eclipse/jetty/util/QuotedStringTokenizer' stamp='8.939'/>
<dependency_failed type='unique_concrete_method' ctxk='java/nio/HeapByteBuffer' x='java/nio/HeapByteBuffer _get (I)B' witness='java/nio/HeapByteBufferR' stamp='8.943'/>
<dependency_failed type='leaf_type' ctxk='java/nio/HeapByteBuffer' witness='java/nio/HeapByteBufferR' stamp='8.943'/>
<dependency_failed type='leaf_type' ctxk='java/nio/HeapByteBuffer' witness='java/nio/HeapByteBufferR' stamp='8.943'/>
<dependency_failed type='leaf_type' ctxk='java/nio/HeapByteBuffer' witness='java/nio/HeapByteBufferR' stamp='8.943'/>
<dependency_failed type='leaf_type' ctxk='java/nio/HeapByteBuffer' witness='java/nio/HeapByteBufferR' stamp='8.943'/>
<dependency_failed type='leaf_type' ctxk='java/nio/HeapByteBuffer' witness='java/nio/HeapByteBufferR' stamp='8.943'/>
<dependency_failed type='leaf_type' ctxk='java/nio/HeapByteBuffer' witness='java/nio/HeapByteBufferR' stamp='8.943'/>
<dependency_failed type='unique_concrete_method' ctxk='java/util/HashSet' x='java/util/HashSet add (Ljava/lang/Object;)Z' witness='org/eclipse/jetty/webapp/ClasspathPattern$ByClass' stamp='8.964'/>
<dependency_failed type='unique_concrete_method' ctxk='java/util/concurrent/RejectedExecutionHandler' x='java/util/concurrent/ThreadPoolExecutor$AbortPolicy rejectedExecution (Ljava/lang/Runnable;Ljava/util/concurrent/ThreadPoolExecutor;)V' witness='java/util/concurrent/RejectedExecutionHandler' stamp='9.085'/>
<dependency_failed type='leaf_type' ctxk='java/util/AbstractMap$SimpleImmutableEntry' witness='aQute/bnd/unmodifiable/ImmutableEntry' stamp='9.103'/>
<dependency_failed type='unique_concrete_method' ctxk='java/util/stream/AbstractPipeline' x='java/util/stream/AbstractPipeline opEvaluateParallel (Ljava/util/stream/PipelineHelper;Ljava/util/Spliterator;Ljava/util/function/IntFunction;)Ljava/util/stream/Node;' witness='java/util/stream/SortedOps$OfRef' stamp='9.116'/>
<dependency_failed type='unique_concrete_method' ctxk='java/util/stream/AbstractPipeline' x='java/util/stream/AbstractPipeline opEvaluateParallel (Ljava/util/stream/PipelineHelper;Ljava/util/Spliterator;Ljava/util/function/IntFunction;)Ljava/util/stream/Node;' witness='java/util/stream/SortedOps$OfRef' stamp='9.116'/>
<dependency_failed type='unique_concrete_method' ctxk='java/util/stream/BaseStream' x='java/util/stream/AbstractPipeline sequential ()Ljava/util/stream/BaseStream;' witness='java/util/stream/BaseStream' stamp='9.208'/>
<dependency_failed type='unique_concrete_method' ctxk='java/util/stream/AbstractPipeline' x='java/util/stream/AbstractPipeline opEvaluateParallelLazy (Ljava/util/stream/PipelineHelper;Ljava/util/Spliterator;)Ljava/util/Spliterator;' witness='java/util/stream/DistinctOps$1' stamp='9.228'/>
<dependency_failed type='abstract_with_unique_concrete_subtype' ctxk='java/nio/CharBuffer' x='java/nio/HeapCharBuffer' witness='java/nio/ByteBufferAsCharBufferL' stamp='9.358'/>
<dependency_failed type='abstract_with_unique_concrete_subtype' ctxk='java/nio/CharBuffer' x='java/nio/HeapCharBuffer' witness='java/nio/ByteBufferAsCharBufferL' stamp='9.358'/>
<dependency_failed type='abstract_with_unique_concrete_subtype' ctxk='java/nio/CharBuffer' x='java/nio/HeapCharBuffer' witness='java/nio/ByteBufferAsCharBufferL' stamp='9.358'/>
<dependency_failed type='abstract_with_unique_concrete_subtype' ctxk='java/nio/CharBuffer' x='java/nio/HeapCharBuffer' witness='java/nio/ByteBufferAsCharBufferL' stamp='9.358'/>
<dependency_failed type='abstract_with_unique_concrete_subtype' ctxk='java/nio/CharBuffer' x='java/nio/HeapCharBuffer' witness='java/nio/ByteBufferAsCharBufferL' stamp='9.358'/>
<dependency_failed type='abstract_with_unique_concrete_subtype' ctxk='java/nio/CharBuffer' x='java/nio/HeapCharBuffer' witness='java/nio/ByteBufferAsCharBufferL' stamp='9.358'/>
<dependency_failed type='abstract_with_unique_concrete_subtype' ctxk='java/nio/CharBuffer' x='java/nio/HeapCharBuffer' witness='java/nio/ByteBufferAsCharBufferL' stamp='9.358'/>
<dependency_failed type='abstract_with_unique_concrete_subtype' ctxk='java/nio/CharBuffer' x='java/nio/HeapCharBuffer' witness='java/nio/ByteBufferAsCharBufferL' stamp='9.358'/>
<dependency_failed type='abstract_with_unique_concrete_subtype' ctxk='java/nio/CharBuffer' x='java/nio/HeapCharBuffer' witness='java/nio/ByteBufferAsCharBufferL' stamp='9.358'/>
<writer thread='11664'/>
<dependency_failed type='abstract_with_unique_concrete_subtype' ctxk='aQute/bnd/classfile/ParameterAnnotationsAttribute' x='aQute/bnd/classfile/RuntimeVisibleParameterAnnotationsAttribute' witness='aQute/bnd/classfile/RuntimeInvisibleParameterAnnotationsAttribute' stamp='9.965'/>
<writer thread='6244'/>
<dependency_failed type='unique_concrete_method' ctxk='java/util/concurrent/Future' x='java/util/concurrent/FutureTask isDone ()Z' witness='java/util/concurrent/Future' stamp='14.846'/>
<dependency_failed type='unique_concrete_method' ctxk='java/util/HashMap' x='java/util/HashMap size ()I' witness='org/apache/commons/beanutils/WeakFastHashMap' stamp='14.882'/>
<dependency_failed type='unique_concrete_method' ctxk='java/util/HashMap' x='java/util/HashMap isEmpty ()Z' witness='org/apache/commons/beanutils/WeakFastHashMap' stamp='14.882'/>
<dependency_failed type='unique_concrete_method' ctxk='java/util/HashMap' x='java/util/HashMap isEmpty ()Z' witness='org/apache/commons/beanutils/WeakFastHashMap' stamp='14.882'/>
<dependency_failed type='unique_concrete_method' ctxk='java/util/HashMap' x='java/util/HashMap size ()I' witness='org/apache/commons/beanutils/WeakFastHashMap' stamp='14.882'/>
<dependency_failed type='unique_concrete_method' ctxk='java/util/HashMap' x='java/util/HashMap isEmpty ()Z' witness='org/apache/commons/beanutils/WeakFastHashMap' stamp='14.882'/>
<dependency_failed type='unique_concrete_method' ctxk='java/util/HashMap' x='java/util/HashMap size ()I' witness='org/apache/commons/beanutils/WeakFastHashMap' stamp='14.882'/>
<dependency_failed type='unique_concrete_method' ctxk='java/util/HashMap' x='java/util/HashMap clone ()Ljava/lang/Object;' witness='org/apache/commons/beanutils/WeakFastHashMap' stamp='14.882'/>
<dependency_failed type='leaf_type' ctxk='java/util/concurrent/atomic/AtomicReference' witness='org/eclipse/sisu/inject/RankedSequence' stamp='14.954'/>
<dependency_failed type='leaf_type' ctxk='java/util/concurrent/atomic/AtomicReference' witness='org/eclipse/sisu/inject/RankedSequence' stamp='14.954'/>
<dependency_failed type='leaf_type' ctxk='java/util/concurrent/atomic/AtomicReference' witness='org/eclipse/sisu/inject/RankedSequence' stamp='14.954'/>
<dependency_failed type='leaf_type' ctxk='java/util/concurrent/atomic/AtomicReference' witness='org/eclipse/sisu/inject/RankedSequence' stamp='14.954'/>
<dependency_failed type='leaf_type' ctxk='java/util/concurrent/atomic/AtomicReference' witness='org/eclipse/sisu/inject/RankedSequence' stamp='14.954'/>
<dependency_failed type='leaf_type' ctxk='java/util/concurrent/atomic/AtomicReference' witness='org/eclipse/sisu/inject/RankedSequence' stamp='14.954'/>
<dependency_failed type='leaf_type' ctxk='java/util/concurrent/atomic/AtomicReference' witness='org/eclipse/sisu/inject/RankedSequence' stamp='14.954'/>
<writer thread='11664'/>
<dependency_failed type='unique_concrete_method' ctxk='java/util/HashMap' x='java/util/HashMap isEmpty ()Z' witness='org/apache/commons/beanutils/WeakFastHashMap' stamp='15.622'/>
<dependency_failed type='unique_concrete_method' ctxk='java/util/HashMap' x='java/util/HashMap size ()I' witness='org/apache/commons/beanutils/WeakFastHashMap' stamp='15.622'/>
<writer thread='6244'/>
<dependency_failed type='unique_concrete_method' ctxk='com/google/inject/Binding' x='com/google/inject/internal/BindingImpl getKey ()Lcom/google/inject/Key;' witness='com/google/inject/Binding' stamp='16.313'/>
<dependency_failed type='unique_concrete_method' ctxk='com/google/inject/Binding' x='com/google/inject/internal/BindingImpl getKey ()Lcom/google/inject/Key;' witness='com/google/inject/Binding' stamp='16.313'/>
<dependency_failed type='unique_concrete_method' ctxk='com/google/inject/Binding' x='com/google/inject/internal/BindingImpl getKey ()Lcom/google/inject/Key;' witness='com/google/inject/Binding' stamp='16.313'/>
<dependency_failed type='unique_concrete_method' ctxk='com/google/inject/Binding' x='com/google/inject/internal/BindingImpl getKey ()Lcom/google/inject/Key;' witness='com/google/inject/Binding' stamp='16.313'/>
<dependency_failed type='unique_concrete_method' ctxk='com/google/inject/Binding' x='com/google/inject/internal/BindingImpl getKey ()Lcom/google/inject/Key;' witness='com/google/inject/Binding' stamp='16.313'/>
<dependency_failed type='leaf_type' ctxk='java/util/Collections$UnmodifiableMap' witness='java/util/Collections$UnmodifiableSortedMap' stamp='16.750'/>
<dependency_failed type='leaf_type' ctxk='java/util/Collections$UnmodifiableMap' witness='java/util/Collections$UnmodifiableSortedMap' stamp='16.750'/>
<dependency_failed type='unique_concrete_method' ctxk='java/lang/reflect/AccessibleObject' x='java/lang/reflect/AccessibleObject setAccessible (Z)V' witness='com/google/common/reflect/Element' stamp='16.824'/>
<dependency_failed type='leaf_type' ctxk='java/security/Provider$Service' witness='org/jcp/xml/dsig/internal/dom/XMLDSigRI$ProviderService' stamp='16.833'/>
<dependency_failed type='leaf_type' ctxk='java/security/Provider$Service' witness='org/jcp/xml/dsig/internal/dom/XMLDSigRI$ProviderService' stamp='16.833'/>
<dependency_failed type='leaf_type' ctxk='java/security/Provider$Service' witness='org/jcp/xml/dsig/internal/dom/XMLDSigRI$ProviderService' stamp='16.833'/>
<dependency_failed type='unique_concrete_method' ctxk='org/eclipse/sisu/Priority' x='org/eclipse/sisu/inject/PrioritySource value ()I' witness='org/eclipse/sisu/Priority' stamp='17.211'/>
<writer thread='16104'/>
<dependency_failed type='leaf_type' ctxk='java/lang/ClassFormatError' witness='java/lang/UnsupportedClassVersionError' stamp='27.779'/>
<writer thread='11664'/>
<dependency_failed type='leaf_type' ctxk='java/lang/ClassCastException' witness='org/codehaus/groovy/runtime/typehandling/GroovyCastException' stamp='27.797'/>
<writer thread='16104'/>
<dependency_failed type='leaf_type' ctxk='com/google/common/collect/AbstractMapBasedMultimap$WrappedCollection$WrappedIterator' witness='com/google/common/collect/AbstractMapBasedMultimap$WrappedList$WrappedListIterator' stamp='27.927'/>
<dependency_failed type='leaf_type' ctxk='com/google/common/collect/AbstractMapBasedMultimap$WrappedCollection$WrappedIterator' witness='com/google/common/collect/AbstractMapBasedMultimap$WrappedList$WrappedListIterator' stamp='27.927'/>
<dependency_failed type='abstract_with_unique_concrete_subtype' ctxk='java/util/TimeZone' x='sun/util/calendar/ZoneInfo' witness='java/util/SimpleTimeZone' stamp='33.676'/>
<dependency_failed type='abstract_with_unique_concrete_subtype' ctxk='java/util/TimeZone' x='sun/util/calendar/ZoneInfo' witness='java/util/SimpleTimeZone' stamp='33.676'/>
<dependency_failed type='abstract_with_unique_concrete_subtype' ctxk='java/util/TimeZone' x='sun/util/calendar/ZoneInfo' witness='java/util/SimpleTimeZone' stamp='33.676'/>
<dependency_failed type='abstract_with_unique_concrete_subtype' ctxk='java/util/TimeZone' x='sun/util/calendar/ZoneInfo' witness='java/util/SimpleTimeZone' stamp='33.676'/>
<dependency_failed type='abstract_with_unique_concrete_subtype' ctxk='java/util/TimeZone' x='sun/util/calendar/ZoneInfo' witness='java/util/SimpleTimeZone' stamp='33.676'/>
<dependency_failed type='abstract_with_unique_concrete_subtype' ctxk='java/util/TimeZone' x='sun/util/calendar/ZoneInfo' witness='java/util/SimpleTimeZone' stamp='33.676'/>
<dependency_failed type='abstract_with_unique_concrete_subtype' ctxk='com/google/common/collect/TransformedIterator' x='com/google/common/collect/Maps$2' witness='com/google/common/collect/Iterators$6' stamp='36.140'/>
<dependency_failed type='unique_concrete_method' ctxk='java/util/function/BooleanSupplier' x='java/util/stream/StreamSpliterators$WrappingSpliterator$$Lambda$374 getAsBoolean ()Z' witness='java/util/function/BooleanSupplier' stamp='36.158'/>
<dependency_failed type='unique_concrete_method' ctxk='java/util/LinkedHashMap' x='java/util/LinkedHashMap get (Ljava/lang/Object;)Ljava/lang/Object;' witness='jdk/nashorn/internal/runtime/Context$ClassCache' stamp='40.640'/>
<dependency_failed type='unique_concrete_method' ctxk='java/util/LinkedHashMap' x='java/util/LinkedHashMap get (Ljava/lang/Object;)Ljava/lang/Object;' witness='jdk/nashorn/internal/runtime/Context$ClassCache' stamp='40.640'/>
<dependency_failed type='unique_concrete_method' ctxk='java/util/LinkedHashMap' x='java/util/LinkedHashMap get (Ljava/lang/Object;)Ljava/lang/Object;' witness='jdk/nashorn/internal/runtime/Context$ClassCache' stamp='40.640'/>
<dependency_failed type='leaf_type' ctxk='java/util/concurrent/LinkedBlockingQueue' witness='com/orientechnologies/orient/core/Orient$2' stamp='41.092'/>
<dependency_failed type='leaf_type' ctxk='java/util/concurrent/LinkedBlockingQueue' witness='com/orientechnologies/orient/core/Orient$2' stamp='41.092'/>
<dependency_failed type='unique_concrete_method' ctxk='java/lang/ThreadLocal' x='java/lang/ThreadLocal get ()Ljava/lang/Object;' witness='com/orientechnologies/orient/core/db/ODatabaseRecordThreadLocal' stamp='41.143'/>
<dependency_failed type='unique_concrete_method' ctxk='java/lang/ThreadLocal' x='java/lang/ThreadLocal get ()Ljava/lang/Object;' witness='com/orientechnologies/orient/core/db/ODatabaseRecordThreadLocal' stamp='41.143'/>
<dependency_failed type='unique_concrete_method' ctxk='java/lang/ThreadLocal' x='java/lang/ThreadLocal get ()Ljava/lang/Object;' witness='com/orientechnologies/orient/core/db/ODatabaseRecordThreadLocal' stamp='41.143'/>
<dependency_failed type='unique_concrete_method' ctxk='java/lang/ThreadLocal' x='java/lang/ThreadLocal get ()Ljava/lang/Object;' witness='com/orientechnologies/orient/core/db/ODatabaseRecordThreadLocal' stamp='41.143'/>
<dependency_failed type='unique_concrete_method' ctxk='java/lang/ThreadLocal' x='java/lang/ThreadLocal get ()Ljava/lang/Object;' witness='com/orientechnologies/orient/core/db/ODatabaseRecordThreadLocal' stamp='41.143'/>
<dependency_failed type='unique_concrete_method' ctxk='java/lang/ThreadLocal' x='java/lang/ThreadLocal get ()Ljava/lang/Object;' witness='com/orientechnologies/orient/core/db/ODatabaseRecordThreadLocal' stamp='41.143'/>
<dependency_failed type='unique_concrete_method' ctxk='java/lang/ThreadLocal' x='java/lang/ThreadLocal get ()Ljava/lang/Object;' witness='com/orientechnologies/orient/core/db/ODatabaseRecordThreadLocal' stamp='41.143'/>
<dependency_failed type='unique_concrete_method' ctxk='java/lang/ThreadLocal' x='java/lang/ThreadLocal get ()Ljava/lang/Object;' witness='com/orientechnologies/orient/core/db/ODatabaseRecordThreadLocal' stamp='41.143'/>
<dependency_failed type='unique_concrete_method' ctxk='java/lang/ThreadLocal' x='java/lang/ThreadLocal get ()Ljava/lang/Object;' witness='com/orientechnologies/orient/core/db/ODatabaseRecordThreadLocal' stamp='41.143'/>
<dependency_failed type='unique_concrete_method' ctxk='java/lang/ThreadLocal' x='java/lang/ThreadLocal get ()Ljava/lang/Object;' witness='com/orientechnologies/orient/core/db/ODatabaseRecordThreadLocal' stamp='41.143'/>
<dependency_failed type='unique_concrete_method' ctxk='java/lang/ThreadLocal' x='java/lang/ThreadLocal get ()Ljava/lang/Object;' witness='com/orientechnologies/orient/core/db/ODatabaseRecordThreadLocal' stamp='41.143'/>
<dependency_failed type='unique_concrete_method' ctxk='java/lang/ThreadLocal' x='java/lang/ThreadLocal get ()Ljava/lang/Object;' witness='com/orientechnologies/orient/core/db/ODatabaseRecordThreadLocal' stamp='41.143'/>
<dependency_failed type='unique_concrete_method' ctxk='java/lang/ThreadLocal' x='java/lang/ThreadLocal get ()Ljava/lang/Object;' witness='com/orientechnologies/orient/core/db/ODatabaseRecordThreadLocal' stamp='41.143'/>
<dependency_failed type='unique_concrete_method' ctxk='java/lang/ThreadLocal' x='java/lang/ThreadLocal get ()Ljava/lang/Object;' witness='com/orientechnologies/orient/core/db/ODatabaseRecordThreadLocal' stamp='41.143'/>
<dependency_failed type='unique_concrete_method' ctxk='java/lang/ThreadLocal' x='java/lang/ThreadLocal get ()Ljava/lang/Object;' witness='com/orientechnologies/orient/core/db/ODatabaseRecordThreadLocal' stamp='41.143'/>
<dependency_failed type='unique_concrete_method' ctxk='java/lang/ThreadLocal' x='java/lang/ThreadLocal get ()Ljava/lang/Object;' witness='com/orientechnologies/orient/core/db/ODatabaseRecordThreadLocal' stamp='41.143'/>
<dependency_failed type='unique_concrete_method' ctxk='java/lang/ThreadLocal' x='java/lang/ThreadLocal get ()Ljava/lang/Object;' witness='com/orientechnologies/orient/core/db/ODatabaseRecordThreadLocal' stamp='41.143'/>
<dependency_failed type='unique_concrete_method' ctxk='java/lang/ThreadLocal' x='java/lang/ThreadLocal get ()Ljava/lang/Object;' witness='com/orientechnologies/orient/core/db/ODatabaseRecordThreadLocal' stamp='41.143'/>
<dependency_failed type='unique_concrete_method' ctxk='java/lang/ThreadLocal' x='java/lang/ThreadLocal get ()Ljava/lang/Object;' witness='com/orientechnologies/orient/core/db/ODatabaseRecordThreadLocal' stamp='41.143'/>
<dependency_failed type='unique_concrete_method' ctxk='java/lang/ThreadLocal' x='java/lang/ThreadLocal get ()Ljava/lang/Object;' witness='com/orientechnologies/orient/core/db/ODatabaseRecordThreadLocal' stamp='41.143'/>
<dependency_failed type='unique_concrete_method' ctxk='java/lang/ThreadLocal' x='java/lang/ThreadLocal get ()Ljava/lang/Object;' witness='com/orientechnologies/orient/core/db/ODatabaseRecordThreadLocal' stamp='41.143'/>
<dependency_failed type='unique_concrete_method' ctxk='java/lang/ThreadLocal' x='java/lang/ThreadLocal get ()Ljava/lang/Object;' witness='com/orientechnologies/orient/core/db/ODatabaseRecordThreadLocal' stamp='41.143'/>
<dependency_failed type='unique_concrete_method' ctxk='java/lang/ThreadLocal' x='java/lang/ThreadLocal get ()Ljava/lang/Object;' witness='com/orientechnologies/orient/core/db/ODatabaseRecordThreadLocal' stamp='41.143'/>
<dependency_failed type='unique_concrete_method' ctxk='java/lang/ThreadLocal' x='java/lang/ThreadLocal get ()Ljava/lang/Object;' witness='com/orientechnologies/orient/core/db/ODatabaseRecordThreadLocal' stamp='41.143'/>
<dependency_failed type='unique_concrete_method' ctxk='java/lang/ThreadLocal' x='java/lang/ThreadLocal get ()Ljava/lang/Object;' witness='com/orientechnologies/orient/core/db/ODatabaseRecordThreadLocal' stamp='41.143'/>
<dependency_failed type='unique_concrete_method' ctxk='java/lang/ThreadLocal' x='java/lang/ThreadLocal get ()Ljava/lang/Object;' witness='com/orientechnologies/orient/core/db/ODatabaseRecordThreadLocal' stamp='41.144'/>
<dependency_failed type='unique_concrete_method' ctxk='java/lang/ThreadLocal' x='java/lang/ThreadLocal get ()Ljava/lang/Object;' witness='com/orientechnologies/orient/core/db/ODatabaseRecordThreadLocal' stamp='41.144'/>
<dependency_failed type='unique_concrete_method' ctxk='java/util/ArrayList' x='java/util/ArrayList remove (Ljava/lang/Object;)Z' witness='com/orientechnologies/orient/core/db/record/OTrackedList' stamp='41.504'/>
<dependency_failed type='unique_concrete_method' ctxk='java/util/ArrayList' x='java/util/ArrayList remove (I)Ljava/lang/Object;' witness='com/orientechnologies/orient/core/db/record/OTrackedList' stamp='41.504'/>
<dependency_failed type='unique_concrete_method' ctxk='java/util/ArrayList' x='java/util/ArrayList remove (I)Ljava/lang/Object;' witness='com/orientechnologies/orient/core/db/record/OTrackedList' stamp='41.504'/>
<dependency_failed type='unique_concrete_method' ctxk='java/util/ArrayList' x='java/util/ArrayList size ()I' witness='com/orientechnologies/orient/core/db/record/ORecordLazyList' stamp='41.506'/>
<dependency_failed type='unique_concrete_method' ctxk='java/util/ArrayList' x='java/util/ArrayList toArray ()[Ljava/lang/Object;' witness='com/orientechnologies/orient/core/db/record/ORecordLazyList' stamp='41.506'/>
<dependency_failed type='unique_concrete_method' ctxk='java/util/ArrayList' x='java/util/ArrayList iterator ()Ljava/util/Iterator;' witness='com/orientechnologies/orient/core/db/record/ORecordLazyList' stamp='41.506'/>
<dependency_failed type='unique_concrete_method' ctxk='java/util/ArrayList' x='java/util/ArrayList toArray ([Ljava/lang/Object;)[Ljava/lang/Object;' witness='com/orientechnologies/orient/core/db/record/ORecordLazyList' stamp='41.506'/>
<dependency_failed type='unique_concrete_method' ctxk='java/util/ArrayList' x='java/util/ArrayList toArray ([Ljava/lang/Object;)[Ljava/lang/Object;' witness='com/orientechnologies/orient/core/db/record/ORecordLazyList' stamp='41.506'/>
<dependency_failed type='unique_concrete_method' ctxk='java/util/ArrayList' x='java/util/ArrayList indexOf (Ljava/lang/Object;)I' witness='com/orientechnologies/orient/core/db/record/ORecordLazyList' stamp='41.506'/>
<dependency_failed type='unique_concrete_method' ctxk='java/util/ArrayList' x='java/util/ArrayList iterator ()Ljava/util/Iterator;' witness='com/orientechnologies/orient/core/db/record/ORecordLazyList' stamp='41.506'/>
<dependency_failed type='unique_concrete_method' ctxk='java/util/ArrayList' x='java/util/ArrayList toArray ()[Ljava/lang/Object;' witness='com/orientechnologies/orient/core/db/record/ORecordLazyList' stamp='41.506'/>
<dependency_failed type='unique_concrete_method' ctxk='java/util/ArrayList' x='java/util/ArrayList size ()I' witness='com/orientechnologies/orient/core/db/record/ORecordLazyList' stamp='41.506'/>
<dependency_failed type='unique_concrete_method' ctxk='java/util/ArrayList' x='java/util/ArrayList toArray ()[Ljava/lang/Object;' witness='com/orientechnologies/orient/core/db/record/ORecordLazyList' stamp='41.506'/>
<dependency_failed type='unique_concrete_method' ctxk='java/util/ArrayList' x='java/util/ArrayList iterator ()Ljava/util/Iterator;' witness='com/orientechnologies/orient/core/db/record/ORecordLazyList' stamp='41.506'/>
<dependency_failed type='unique_concrete_method' ctxk='java/util/ArrayList' x='java/util/ArrayList toArray ([Ljava/lang/Object;)[Ljava/lang/Object;' witness='com/orientechnologies/orient/core/db/record/ORecordLazyList' stamp='41.506'/>
<dependency_failed type='unique_concrete_method' ctxk='java/util/ArrayList' x='java/util/ArrayList toArray ([Ljava/lang/Object;)[Ljava/lang/Object;' witness='com/orientechnologies/orient/core/db/record/ORecordLazyList' stamp='41.506'/>
<dependency_failed type='unique_concrete_method' ctxk='java/util/ArrayList' x='java/util/ArrayList iterator ()Ljava/util/Iterator;' witness='com/orientechnologies/orient/core/db/record/ORecordLazyList' stamp='41.506'/>
<dependency_failed type='unique_concrete_method' ctxk='java/util/ArrayList' x='java/util/ArrayList size ()I' witness='com/orientechnologies/orient/core/db/record/ORecordLazyList' stamp='41.507'/>
<dependency_failed type='unique_concrete_method' ctxk='java/util/ArrayList' x='java/util/ArrayList size ()I' witness='com/orientechnologies/orient/core/db/record/ORecordLazyList' stamp='41.507'/>
<dependency_failed type='unique_concrete_method' ctxk='java/util/ArrayList' x='java/util/ArrayList isEmpty ()Z' witness='com/orientechnologies/orient/core/db/record/ORecordLazyList' stamp='41.507'/>
<dependency_failed type='unique_concrete_method' ctxk='java/util/ArrayList' x='java/util/ArrayList size ()I' witness='com/orientechnologies/orient/core/db/record/ORecordLazyList' stamp='41.507'/>
<dependency_failed type='unique_concrete_method' ctxk='java/util/ArrayList' x='java/util/ArrayList size ()I' witness='com/orientechnologies/orient/core/db/record/ORecordLazyList' stamp='41.507'/>
<dependency_failed type='unique_concrete_method' ctxk='java/util/ArrayList' x='java/util/ArrayList size ()I' witness='com/orientechnologies/orient/core/db/record/ORecordLazyList' stamp='41.507'/>
<dependency_failed type='unique_concrete_method' ctxk='java/util/ArrayList' x='java/util/ArrayList get (I)Ljava/lang/Object;' witness='com/orientechnologies/orient/core/db/record/ORecordLazyList' stamp='41.507'/>
<dependency_failed type='unique_concrete_method' ctxk='java/util/ArrayList' x='java/util/ArrayList toArray ([Ljava/lang/Object;)[Ljava/lang/Object;' witness='com/orientechnologies/orient/core/db/record/ORecordLazyList' stamp='41.507'/>
<dependency_failed type='unique_concrete_method' ctxk='java/util/ArrayList' x='java/util/ArrayList size ()I' witness='com/orientechnologies/orient/core/db/record/ORecordLazyList' stamp='41.507'/>
<dependency_failed type='unique_concrete_method' ctxk='java/util/ArrayList' x='java/util/ArrayList indexOf (Ljava/lang/Object;)I' witness='com/orientechnologies/orient/core/db/record/ORecordLazyList' stamp='41.507'/>
<dependency_failed type='unique_concrete_method' ctxk='java/util/ArrayList' x='java/util/ArrayList isEmpty ()Z' witness='com/orientechnologies/orient/core/db/record/ORecordLazyList' stamp='41.507'/>
<dependency_failed type='unique_concrete_method' ctxk='java/util/ArrayList' x='java/util/ArrayList isEmpty ()Z' witness='com/orientechnologies/orient/core/db/record/ORecordLazyList' stamp='41.507'/>
<dependency_failed type='unique_concrete_method' ctxk='java/util/ArrayList' x='java/util/ArrayList size ()I' witness='com/orientechnologies/orient/core/db/record/ORecordLazyList' stamp='41.507'/>
<dependency_failed type='unique_concrete_method' ctxk='java/util/ArrayList' x='java/util/ArrayList get (I)Ljava/lang/Object;' witness='com/orientechnologies/orient/core/db/record/ORecordLazyList' stamp='41.507'/>
<dependency_failed type='unique_concrete_method' ctxk='java/util/ArrayList' x='java/util/ArrayList iterator ()Ljava/util/Iterator;' witness='com/orientechnologies/orient/core/db/record/ORecordLazyList' stamp='41.507'/>
<dependency_failed type='unique_concrete_method' ctxk='java/util/ArrayList' x='java/util/ArrayList iterator ()Ljava/util/Iterator;' witness='com/orientechnologies/orient/core/db/record/ORecordLazyList' stamp='41.507'/>
<dependency_failed type='unique_concrete_method' ctxk='java/util/ArrayList' x='java/util/ArrayList size ()I' witness='com/orientechnologies/orient/core/db/record/ORecordLazyList' stamp='41.507'/>
<dependency_failed type='unique_concrete_method' ctxk='java/util/ArrayList' x='java/util/ArrayList size ()I' witness='com/orientechnologies/orient/core/db/record/ORecordLazyList' stamp='41.507'/>
<dependency_failed type='unique_concrete_method' ctxk='java/util/ArrayList' x='java/util/ArrayList iterator ()Ljava/util/Iterator;' witness='com/orientechnologies/orient/core/db/record/ORecordLazyList' stamp='41.507'/>
<dependency_failed type='unique_concrete_method' ctxk='java/util/ArrayList' x='java/util/ArrayList isEmpty ()Z' witness='com/orientechnologies/orient/core/db/record/ORecordLazyList' stamp='41.507'/>
<dependency_failed type='unique_concrete_method' ctxk='java/util/ArrayList' x='java/util/ArrayList size ()I' witness='com/orientechnologies/orient/core/db/record/ORecordLazyList' stamp='41.507'/>
<dependency_failed type='unique_concrete_method' ctxk='java/util/ArrayList' x='java/util/ArrayList size ()I' witness='com/orientechnologies/orient/core/db/record/ORecordLazyList' stamp='41.507'/>
<dependency_failed type='unique_concrete_method' ctxk='java/util/ArrayList' x='java/util/ArrayList isEmpty ()Z' witness='com/orientechnologies/orient/core/db/record/ORecordLazyList' stamp='41.507'/>
<dependency_failed type='unique_concrete_method' ctxk='java/util/ArrayList' x='java/util/ArrayList indexOf (Ljava/lang/Object;)I' witness='com/orientechnologies/orient/core/db/record/ORecordLazyList' stamp='41.507'/>
<dependency_failed type='unique_concrete_method' ctxk='java/util/ArrayList' x='java/util/ArrayList isEmpty ()Z' witness='com/orientechnologies/orient/core/db/record/ORecordLazyList' stamp='41.507'/>
<dependency_failed type='unique_concrete_method' ctxk='java/util/ArrayList' x='java/util/ArrayList iterator ()Ljava/util/Iterator;' witness='com/orientechnologies/orient/core/db/record/ORecordLazyList' stamp='41.507'/>
<dependency_failed type='unique_concrete_method' ctxk='java/util/ArrayList' x='java/util/ArrayList size ()I' witness='com/orientechnologies/orient/core/db/record/ORecordLazyList' stamp='41.507'/>
<dependency_failed type='unique_concrete_method' ctxk='java/util/ArrayList' x='java/util/ArrayList iterator ()Ljava/util/Iterator;' witness='com/orientechnologies/orient/core/db/record/ORecordLazyList' stamp='41.507'/>
<dependency_failed type='unique_concrete_method' ctxk='java/util/ArrayList' x='java/util/ArrayList size ()I' witness='com/orientechnologies/orient/core/db/record/ORecordLazyList' stamp='41.507'/>
<dependency_failed type='unique_concrete_method' ctxk='java/util/ArrayList' x='java/util/ArrayList size ()I' witness='com/orientechnologies/orient/core/db/record/ORecordLazyList' stamp='41.507'/>
<dependency_failed type='unique_concrete_method' ctxk='java/util/ArrayList' x='java/util/ArrayList size ()I' witness='com/orientechnologies/orient/core/db/record/ORecordLazyList' stamp='41.507'/>
<dependency_failed type='unique_concrete_method' ctxk='java/util/ArrayList' x='java/util/ArrayList size ()I' witness='com/orientechnologies/orient/core/db/record/ORecordLazyList' stamp='41.507'/>
<dependency_failed type='unique_concrete_method' ctxk='java/util/ArrayList' x='java/util/ArrayList iterator ()Ljava/util/Iterator;' witness='com/orientechnologies/orient/core/db/record/ORecordLazyList' stamp='41.507'/>
<dependency_failed type='unique_concrete_method' ctxk='java/util/ArrayList' x='java/util/ArrayList isEmpty ()Z' witness='com/orientechnologies/orient/core/db/record/ORecordLazyList' stamp='41.507'/>
<dependency_failed type='unique_concrete_method' ctxk='java/util/ArrayList' x='java/util/ArrayList size ()I' witness='com/orientechnologies/orient/core/db/record/ORecordLazyList' stamp='41.507'/>
<dependency_failed type='unique_concrete_method' ctxk='java/util/ArrayList' x='java/util/ArrayList contains (Ljava/lang/Object;)Z' witness='com/orientechnologies/orient/core/db/record/ORecordLazyList' stamp='41.507'/>
<dependency_failed type='unique_concrete_method' ctxk='java/util/ArrayList' x='java/util/ArrayList size ()I' witness='com/orientechnologies/orient/core/db/record/ORecordLazyList' stamp='41.507'/>
<dependency_failed type='unique_concrete_method' ctxk='java/util/ArrayList' x='java/util/ArrayList size ()I' witness='com/orientechnologies/orient/core/db/record/ORecordLazyList' stamp='41.507'/>
<dependency_failed type='unique_concrete_method' ctxk='java/util/ArrayList' x='java/util/ArrayList iterator ()Ljava/util/Iterator;' witness='com/orientechnologies/orient/core/db/record/ORecordLazyList' stamp='41.507'/>
<dependency_failed type='unique_concrete_method' ctxk='java/util/ArrayList' x='java/util/ArrayList size ()I' witness='com/orientechnologies/orient/core/db/record/ORecordLazyList' stamp='41.507'/>
<dependency_failed type='unique_concrete_method' ctxk='java/util/ArrayList' x='java/util/ArrayList size ()I' witness='com/orientechnologies/orient/core/db/record/ORecordLazyList' stamp='41.507'/>
<dependency_failed type='unique_concrete_method' ctxk='java/util/ArrayList' x='java/util/ArrayList size ()I' witness='com/orientechnologies/orient/core/db/record/ORecordLazyList' stamp='41.507'/>
<dependency_failed type='unique_concrete_method' ctxk='java/util/ArrayList' x='java/util/ArrayList size ()I' witness='com/orientechnologies/orient/core/db/record/ORecordLazyList' stamp='41.507'/>
<dependency_failed type='unique_concrete_method' ctxk='java/util/ArrayList' x='java/util/ArrayList size ()I' witness='com/orientechnologies/orient/core/db/record/ORecordLazyList' stamp='41.507'/>
<dependency_failed type='unique_concrete_method' ctxk='java/util/ArrayList' x='java/util/ArrayList indexOf (Ljava/lang/Object;)I' witness='com/orientechnologies/orient/core/db/record/ORecordLazyList' stamp='41.507'/>
<dependency_failed type='unique_concrete_method' ctxk='java/util/ArrayList' x='java/util/ArrayList isEmpty ()Z' witness='com/orientechnologies/orient/core/db/record/ORecordLazyList' stamp='41.507'/>
<dependency_failed type='unique_concrete_method' ctxk='java/util/ArrayList' x='java/util/ArrayList toArray ([Ljava/lang/Object;)[Ljava/lang/Object;' witness='com/orientechnologies/orient/core/db/record/ORecordLazyList' stamp='41.507'/>
<dependency_failed type='unique_concrete_method' ctxk='java/util/ArrayList' x='java/util/ArrayList toArray ([Ljava/lang/Object;)[Ljava/lang/Object;' witness='com/orientechnologies/orient/core/db/record/ORecordLazyList' stamp='41.507'/>
<dependency_failed type='unique_concrete_method' ctxk='java/util/ArrayList' x='java/util/ArrayList indexOf (Ljava/lang/Object;)I' witness='com/orientechnologies/orient/core/db/record/ORecordLazyList' stamp='41.507'/>
<dependency_failed type='unique_concrete_method' ctxk='java/util/ArrayList' x='java/util/ArrayList toArray ([Ljava/lang/Object;)[Ljava/lang/Object;' witness='com/orientechnologies/orient/core/db/record/ORecordLazyList' stamp='41.507'/>
<dependency_failed type='unique_concrete_method' ctxk='java/util/ArrayList' x='java/util/ArrayList toArray ([Ljava/lang/Object;)[Ljava/lang/Object;' witness='com/orientechnologies/orient/core/db/record/ORecordLazyList' stamp='41.507'/>
<dependency_failed type='unique_concrete_method' ctxk='java/util/ArrayList' x='java/util/ArrayList size ()I' witness='com/orientechnologies/orient/core/db/record/ORecordLazyList' stamp='41.507'/>
<dependency_failed type='unique_concrete_method' ctxk='java/util/ArrayList' x='java/util/ArrayList size ()I' witness='com/orientechnologies/orient/core/db/record/ORecordLazyList' stamp='41.507'/>
<dependency_failed type='unique_concrete_method' ctxk='java/util/ArrayList' x='java/util/ArrayList get (I)Ljava/lang/Object;' witness='com/orientechnologies/orient/core/db/record/ORecordLazyList' stamp='41.507'/>
<dependency_failed type='unique_concrete_method' ctxk='java/util/ArrayList' x='java/util/ArrayList size ()I' witness='com/orientechnologies/orient/core/db/record/ORecordLazyList' stamp='41.507'/>
<dependency_failed type='unique_concrete_method' ctxk='java/util/ArrayList' x='java/util/ArrayList size ()I' witness='com/orientechnologies/orient/core/db/record/ORecordLazyList' stamp='41.507'/>
<dependency_failed type='unique_concrete_method' ctxk='java/util/ArrayList' x='java/util/ArrayList contains (Ljava/lang/Object;)Z' witness='com/orientechnologies/orient/core/db/record/ORecordLazyList' stamp='41.507'/>
<dependency_failed type='unique_concrete_method' ctxk='java/util/ArrayList' x='java/util/ArrayList get (I)Ljava/lang/Object;' witness='com/orientechnologies/orient/core/db/record/ORecordLazyList' stamp='41.507'/>
<dependency_failed type='unique_concrete_method' ctxk='java/util/ArrayList' x='java/util/ArrayList size ()I' witness='com/orientechnologies/orient/core/db/record/ORecordLazyList' stamp='41.507'/>
<dependency_failed type='unique_concrete_method' ctxk='java/util/ArrayList' x='java/util/ArrayList size ()I' witness='com/orientechnologies/orient/core/db/record/ORecordLazyList' stamp='41.507'/>
<dependency_failed type='unique_concrete_method' ctxk='java/util/ArrayList' x='java/util/ArrayList get (I)Ljava/lang/Object;' witness='com/orientechnologies/orient/core/db/record/ORecordLazyList' stamp='41.507'/>
<dependency_failed type='unique_concrete_method' ctxk='java/util/ArrayList' x='java/util/ArrayList iterator ()Ljava/util/Iterator;' witness='com/orientechnologies/orient/core/db/record/ORecordLazyList' stamp='41.507'/>
<dependency_failed type='unique_concrete_method' ctxk='java/util/ArrayList' x='java/util/ArrayList size ()I' witness='com/orientechnologies/orient/core/db/record/ORecordLazyList' stamp='41.507'/>
<dependency_failed type='unique_concrete_method' ctxk='java/util/ArrayList' x='java/util/ArrayList size ()I' witness='com/orientechnologies/orient/core/db/record/ORecordLazyList' stamp='41.507'/>
<dependency_failed type='unique_concrete_method' ctxk='java/util/LinkedHashMap' x='java/util/LinkedHashMap clear ()V' witness='com/orientechnologies/orient/core/db/record/OTrackedMap' stamp='41.715'/>
<dependency_failed type='unique_concrete_method' ctxk='java/util/LinkedHashMap' x='java/util/HashMap put (Ljava/lang/Object;Ljava/lang/Object;)Ljava/lang/Object;' witness='com/orientechnologies/orient/core/db/record/OTrackedMap' stamp='41.715'/>
<dependency_failed type='unique_concrete_method' ctxk='java/util/LinkedHashMap' x='java/util/HashMap put (Ljava/lang/Object;Ljava/lang/Object;)Ljava/lang/Object;' witness='com/orientechnologies/orient/core/db/record/OTrackedMap' stamp='41.715'/>
<dependency_failed type='unique_concrete_method' ctxk='java/util/LinkedHashMap' x='java/util/HashMap put (Ljava/lang/Object;Ljava/lang/Object;)Ljava/lang/Object;' witness='com/orientechnologies/orient/core/db/record/OTrackedMap' stamp='41.715'/>
<dependency_failed type='unique_concrete_method' ctxk='java/util/LinkedHashMap' x='java/util/HashMap put (Ljava/lang/Object;Ljava/lang/Object;)Ljava/lang/Object;' witness='com/orientechnologies/orient/core/db/record/OTrackedMap' stamp='41.715'/>
<dependency_failed type='unique_concrete_method' ctxk='java/util/LinkedHashMap' x='java/util/HashMap put (Ljava/lang/Object;Ljava/lang/Object;)Ljava/lang/Object;' witness='com/orientechnologies/orient/core/db/record/OTrackedMap' stamp='41.715'/>
<dependency_failed type='unique_concrete_method' ctxk='java/util/LinkedHashMap' x='java/util/HashMap put (Ljava/lang/Object;Ljava/lang/Object;)Ljava/lang/Object;' witness='com/orientechnologies/orient/core/db/record/OTrackedMap' stamp='41.715'/>
<dependency_failed type='unique_concrete_method' ctxk='java/util/LinkedHashMap' x='java/util/HashMap put (Ljava/lang/Object;Ljava/lang/Object;)Ljava/lang/Object;' witness='com/orientechnologies/orient/core/db/record/OTrackedMap' stamp='41.715'/>
<dependency_failed type='unique_concrete_method' ctxk='java/util/LinkedHashMap' x='java/util/HashMap put (Ljava/lang/Object;Ljava/lang/Object;)Ljava/lang/Object;' witness='com/orientechnologies/orient/core/db/record/OTrackedMap' stamp='41.715'/>
<dependency_failed type='unique_concrete_method' ctxk='java/util/LinkedHashMap' x='java/util/HashMap put (Ljava/lang/Object;Ljava/lang/Object;)Ljava/lang/Object;' witness='com/orientechnologies/orient/core/db/record/OTrackedMap' stamp='41.715'/>
<dependency_failed type='unique_concrete_method' ctxk='java/util/LinkedHashMap' x='java/util/HashMap put (Ljava/lang/Object;Ljava/lang/Object;)Ljava/lang/Object;' witness='com/orientechnologies/orient/core/db/record/OTrackedMap' stamp='41.715'/>
<dependency_failed type='unique_concrete_method' ctxk='java/util/LinkedHashMap' x='java/util/HashMap put (Ljava/lang/Object;Ljava/lang/Object;)Ljava/lang/Object;' witness='com/orientechnologies/orient/core/db/record/OTrackedMap' stamp='41.715'/>
<dependency_failed type='leaf_type' ctxk='java/util/concurrent/ConcurrentHashMap' witness='com/fasterxml/jackson/core/util/InternCache' stamp='42.535'/>
<dependency_failed type='leaf_type' ctxk='java/util/concurrent/ConcurrentHashMap' witness='com/fasterxml/jackson/core/util/InternCache' stamp='42.535'/>
<dependency_failed type='leaf_type' ctxk='java/util/concurrent/ConcurrentHashMap' witness='com/fasterxml/jackson/core/util/InternCache' stamp='42.535'/>
<dependency_failed type='leaf_type' ctxk='java/util/concurrent/ConcurrentHashMap' witness='com/fasterxml/jackson/core/util/InternCache' stamp='42.535'/>
<dependency_failed type='leaf_type' ctxk='java/util/concurrent/ConcurrentHashMap' witness='com/fasterxml/jackson/core/util/InternCache' stamp='42.535'/>
<dependency_failed type='leaf_type' ctxk='java/util/concurrent/ConcurrentHashMap' witness='com/fasterxml/jackson/core/util/InternCache' stamp='42.535'/>
<dependency_failed type='leaf_type' ctxk='java/util/concurrent/ConcurrentHashMap' witness='com/fasterxml/jackson/core/util/InternCache' stamp='42.535'/>
<dependency_failed type='leaf_type' ctxk='java/util/concurrent/ConcurrentHashMap' witness='com/fasterxml/jackson/core/util/InternCache' stamp='42.535'/>
<dependency_failed type='leaf_type' ctxk='java/util/concurrent/ConcurrentHashMap' witness='com/fasterxml/jackson/core/util/InternCache' stamp='42.535'/>
<dependency_failed type='leaf_type' ctxk='java/util/concurrent/ConcurrentHashMap' witness='com/fasterxml/jackson/core/util/InternCache' stamp='42.535'/>
<dependency_failed type='leaf_type' ctxk='java/util/concurrent/ConcurrentHashMap' witness='com/fasterxml/jackson/core/util/InternCache' stamp='42.535'/>
<dependency_failed type='leaf_type' ctxk='java/util/concurrent/ConcurrentHashMap' witness='com/fasterxml/jackson/core/util/InternCache' stamp='42.535'/>
<dependency_failed type='leaf_type' ctxk='java/util/concurrent/ConcurrentHashMap' witness='com/fasterxml/jackson/core/util/InternCache' stamp='42.535'/>
<dependency_failed type='leaf_type' ctxk='java/util/concurrent/ConcurrentHashMap' witness='com/fasterxml/jackson/core/util/InternCache' stamp='42.535'/>
<dependency_failed type='leaf_type' ctxk='java/util/concurrent/ConcurrentHashMap' witness='com/fasterxml/jackson/core/util/InternCache' stamp='42.535'/>
<dependency_failed type='leaf_type' ctxk='java/util/concurrent/ConcurrentHashMap' witness='com/fasterxml/jackson/core/util/InternCache' stamp='42.535'/>
<dependency_failed type='leaf_type' ctxk='java/util/concurrent/ConcurrentHashMap' witness='com/fasterxml/jackson/core/util/InternCache' stamp='42.535'/>
<dependency_failed type='leaf_type' ctxk='java/util/concurrent/ConcurrentHashMap' witness='com/fasterxml/jackson/core/util/InternCache' stamp='42.535'/>
<dependency_failed type='leaf_type' ctxk='java/util/concurrent/ConcurrentHashMap' witness='com/fasterxml/jackson/core/util/InternCache' stamp='42.535'/>
<dependency_failed type='leaf_type' ctxk='java/util/concurrent/ConcurrentHashMap' witness='com/fasterxml/jackson/core/util/InternCache' stamp='42.535'/>
<dependency_failed type='leaf_type' ctxk='java/util/concurrent/ConcurrentHashMap' witness='com/fasterxml/jackson/core/util/InternCache' stamp='42.535'/>
<dependency_failed type='leaf_type' ctxk='java/util/concurrent/ConcurrentHashMap' witness='com/fasterxml/jackson/core/util/InternCache' stamp='42.535'/>
<dependency_failed type='leaf_type' ctxk='java/util/concurrent/ConcurrentHashMap' witness='com/fasterxml/jackson/core/util/InternCache' stamp='42.535'/>
<writer thread='10536'/>
<dependency_failed type='unique_concrete_method' ctxk='javax/management/Descriptor' x='javax/management/ImmutableDescriptor getFieldNames ()[Ljava/lang/String;' witness='javax/management/Descriptor' stamp='42.674'/>
<dependency_failed type='unique_concrete_method' ctxk='javax/management/Descriptor' x='javax/management/ImmutableDescriptor getFieldNames ()[Ljava/lang/String;' witness='javax/management/Descriptor' stamp='42.674'/>
<writer thread='16104'/>
<dependency_failed type='unique_concrete_method' ctxk='com/google/common/collect/ImmutableMap$Builder' x='com/google/common/collect/ImmutableMap$Builder build ()Lcom/google/common/collect/ImmutableMap;' witness='com/google/common/collect/ImmutableBiMap$Builder' stamp='44.379'/>
<dependency_failed type='leaf_type' ctxk='com/google/common/collect/ImmutableMap$Builder' witness='com/google/common/collect/ImmutableBiMap$Builder' stamp='44.379'/>
<dependency_failed type='unique_concrete_method' ctxk='com/google/common/collect/IndexedImmutableSet' x='com/google/common/collect/IndexedImmutableSet iterator ()Lcom/google/common/collect/UnmodifiableIterator;' witness='com/google/common/collect/ImmutableMapKeySet' stamp='44.385'/>
<dependency_failed type='leaf_type' ctxk='com/google/common/collect/ImmutableMapEntry$NonTerminalImmutableMapEntry' witness='com/google/common/collect/ImmutableMapEntry$NonTerminalImmutableBiMapEntry' stamp='44.387'/>
<dependency_failed type='leaf_type' ctxk='com/orientechnologies/orient/core/db/document/ODatabaseDocumentTx' witness='com/orientechnologies/orient/core/db/OPartitionedDatabasePool$DatabaseDocumentTxPooled' stamp='44.597'/>
<dependency_failed type='leaf_type' ctxk='com/orientechnologies/orient/core/db/document/ODatabaseDocumentTx' witness='com/orientechnologies/orient/core/db/OPartitionedDatabasePool$DatabaseDocumentTxPooled' stamp='44.597'/>
<dependency_failed type='leaf_type' ctxk='com/orientechnologies/orient/core/db/document/ODatabaseDocumentTx' witness='com/orientechnologies/orient/core/db/OPartitionedDatabasePool$DatabaseDocumentTxPooled' stamp='44.597'/>
<dependency_failed type='leaf_type' ctxk='com/orientechnologies/orient/core/db/document/ODatabaseDocumentTx' witness='com/orientechnologies/orient/core/db/OPartitionedDatabasePool$DatabaseDocumentTxPooled' stamp='44.597'/>
<dependency_failed type='leaf_type' ctxk='com/orientechnologies/orient/core/db/document/ODatabaseDocumentTx' witness='com/orientechnologies/orient/core/db/OPartitionedDatabasePool$DatabaseDocumentTxPooled' stamp='44.597'/>
<dependency_failed type='leaf_type' ctxk='javax/xml/bind/JAXBElement' witness='org/ehcache/xml/model/Offheap' stamp='45.193'/>
<dependency_failed type='leaf_type' ctxk='com/sun/org/apache/xerces/internal/impl/xs/identity/IdentityConstraint' witness='com/sun/org/apache/xerces/internal/impl/xs/identity/UniqueOrKey' stamp='45.425'/>
<dependency_failed type='leaf_type' ctxk='com/sun/org/apache/xerces/internal/impl/xs/identity/IdentityConstraint' witness='com/sun/org/apache/xerces/internal/impl/xs/identity/UniqueOrKey' stamp='45.425'/>
<dependency_failed type='leaf_type' ctxk='com/sun/org/apache/xerces/internal/impl/xs/identity/XPathMatcher' witness='com/sun/org/apache/xerces/internal/impl/xs/identity/Selector$Matcher' stamp='45.444'/>
<dependency_failed type='leaf_type' ctxk='org/xml/sax/helpers/AttributesImpl' witness='com/sun/org/apache/xml/internal/serializer/AttributesImplSerializer' stamp='45.469'/>
<dependency_failed type='leaf_type' ctxk='org/xml/sax/helpers/AttributesImpl' witness='com/sun/org/apache/xml/internal/serializer/AttributesImplSerializer' stamp='45.469'/>
<dependency_failed type='unique_concrete_method' ctxk='com/google/common/collect/ImmutableMap' x='com/google/common/collect/ImmutableMap keySet ()Lcom/google/common/collect/ImmutableSet;' witness='com/google/common/collect/ImmutableSortedMap' stamp='45.884'/>
<dependency_failed type='leaf_type' ctxk='com/google/common/collect/RegularImmutableAsList' witness='com/google/common/collect/ImmutableSortedAsList' stamp='45.903'/>
<dependency_failed type='leaf_type' ctxk='com/google/common/collect/RegularImmutableAsList' witness='com/google/common/collect/ImmutableSortedAsList' stamp='45.903'/>
<dependency_failed type='unique_concrete_method' ctxk='java/io/Reader' x='java/io/Reader read ([C)I' witness='com/fasterxml/jackson/dataformat/yaml/UTF8Reader' stamp='45.923'/>
<dependency_failed type='unique_concrete_method' ctxk='java/io/Reader' x='java/io/Reader read ([C)I' witness='com/fasterxml/jackson/dataformat/yaml/UTF8Reader' stamp='45.923'/>
<dependency_failed type='unique_concrete_method' ctxk='java/io/Reader' x='java/io/Reader read ([C)I' witness='com/fasterxml/jackson/dataformat/yaml/UTF8Reader' stamp='45.923'/>
<dependency_failed type='unique_concrete_method' ctxk='org/elasticsearch/common/inject/AbstractProcessor' x='org/elasticsearch/common/inject/AbstractProcessor visit (Lorg/elasticsearch/common/inject/spi/ProviderLookup;)Ljava/lang/Boolean;' witness='org/elasticsearch/common/inject/LookupProcessor' stamp='47.775'/>
<dependency_failed type='unique_concrete_method' ctxk='org/elasticsearch/common/inject/spi/ElementVisitor' x='org/elasticsearch/common/inject/AbstractProcessor visit (Lorg/elasticsearch/common/inject/spi/ProviderLookup;)Ljava/lang/Object;' witness='org/elasticsearch/common/inject/LookupProcessor' stamp='47.775'/>
<dependency_failed type='no_finalizable_subclasses' ctxk='java/lang/ref/WeakReference' witness='com/sun/jna/CallbackReference' stamp='48.237'/>
<dependency_failed type='no_finalizable_subclasses' ctxk='java/lang/ref/WeakReference' witness='com/sun/jna/CallbackReference' stamp='48.237'/>
<dependency_failed type='no_finalizable_subclasses' ctxk='java/lang/ref/Reference' witness='com/sun/jna/CallbackReference' stamp='48.237'/>
<dependency_failed type='no_finalizable_subclasses' ctxk='java/lang/ref/Reference' witness='com/sun/jna/CallbackReference' stamp='48.237'/>
<dependency_failed type='unique_concrete_method' ctxk='com/google/common/cache/Weigher' x='com/google/common/cache/CacheBuilder$OneWeigher weigh (Ljava/lang/Object;Ljava/lang/Object;)I' witness='com/google/common/cache/Weigher' stamp='48.677'/>
<dependency_failed type='unique_concrete_method' ctxk='org/elasticsearch/common/bytes/BytesReference' x='org/elasticsearch/common/bytes/BytesArray length ()I' witness='org/elasticsearch/common/bytes/BytesReference' stamp='48.893'/>
<dependency_failed type='unique_concrete_method' ctxk='org/elasticsearch/common/bytes/BytesReference' x='org/elasticsearch/common/bytes/BytesArray length ()I' witness='org/elasticsearch/common/bytes/BytesReference' stamp='48.893'/>
<dependency_failed type='unique_concrete_method' ctxk='org/elasticsearch/common/bytes/BytesReference' x='org/elasticsearch/common/bytes/BytesArray hasArray ()Z' witness='org/elasticsearch/common/bytes/BytesReference' stamp='48.893'/>
<writer thread='9504'/>
<dependency_failed type='abstract_with_unique_concrete_subtype' ctxk='com/fasterxml/jackson/core/JsonStreamContext' x='com/fasterxml/jackson/core/json/JsonReadContext' witness='com/fasterxml/jackson/core/json/JsonWriteContext' stamp='49.120'/>
<dependency_failed type='leaf_type' ctxk='java/io/FileNotFoundException' witness='org/apache/lucene/index/IndexNotFoundException' stamp='49.632'/>
<writer thread='1952'/>
<dependency_failed type='leaf_type' ctxk='java/nio/DirectByteBuffer' witness='java/nio/DirectByteBufferR' stamp='49.738'/>
<dependency_failed type='leaf_type' ctxk='java/nio/DirectByteBuffer' witness='java/nio/DirectByteBufferR' stamp='49.738'/>
<dependency_failed type='leaf_type' ctxk='java/nio/DirectByteBuffer' witness='java/nio/DirectByteBufferR' stamp='49.738'/>
<dependency_failed type='leaf_type' ctxk='java/nio/DirectByteBuffer' witness='java/nio/DirectByteBufferR' stamp='49.738'/>
<dependency_failed type='leaf_type' ctxk='java/nio/DirectByteBuffer' witness='java/nio/DirectByteBufferR' stamp='49.738'/>
<dependency_failed type='leaf_type' ctxk='java/nio/DirectByteBuffer' witness='java/nio/DirectByteBufferR' stamp='49.738'/>
<dependency_failed type='leaf_type' ctxk='java/nio/DirectByteBuffer' witness='java/nio/DirectByteBufferR' stamp='49.738'/>
<dependency_failed type='leaf_type' ctxk='java/nio/DirectByteBuffer' witness='java/nio/DirectByteBufferR' stamp='49.738'/>
<writer thread='16104'/>
<dependency_failed type='unique_concrete_method' ctxk='com/orientechnologies/orient/core/db/record/OMultiValueChangeListener' x='com/orientechnologies/orient/core/record/impl/OSimpleMultiValueChangeListener onAfterRecordChanged (Lcom/orientechnologies/orient/core/db/record/OMultiValueChangeEvent;)V' witness='com/orientechnologies/orient/core/db/record/OMultiValueChangeListener' stamp='50.326'/>
<dependency_failed type='unique_concrete_method' ctxk='com/orientechnologies/orient/core/db/record/OMultiValueChangeListener' x='com/orientechnologies/orient/core/record/impl/OSimpleMultiValueChangeListener onAfterRecordChanged (Lcom/orientechnologies/orient/core/db/record/OMultiValueChangeEvent;)V' witness='com/orientechnologies/orient/core/db/record/OMultiValueChangeListener' stamp='50.326'/>
<dependency_failed type='leaf_type' ctxk='com/orientechnologies/orient/core/db/record/OMultiValueChangeEvent' witness='com/orientechnologies/orient/core/record/impl/ONestedMultiValueChangeEvent' stamp='50.328'/>
<dependency_failed type='unique_concrete_method' ctxk='com/fasterxml/jackson/core/PrettyPrinter' x='com/fasterxml/jackson/core/util/DefaultPrettyPrinter writeEndObject (Lcom/fasterxml/jackson/core/JsonGenerator;I)V' witness='com/fasterxml/jackson/core/PrettyPrinter' stamp='50.375'/>
<dependency_failed type='unique_concrete_method' ctxk='com/fasterxml/jackson/core/PrettyPrinter' x='com/fasterxml/jackson/core/util/DefaultPrettyPrinter writeStartObject (Lcom/fasterxml/jackson/core/JsonGenerator;)V' witness='com/fasterxml/jackson/core/PrettyPrinter' stamp='50.375'/>
<dependency_failed type='abstract_with_unique_concrete_subtype' ctxk='java/security/MessageDigest' x='java/security/MessageDigest$Delegate' witness='org/bouncycastle/jcajce/provider/digest/BCMessageDigest' stamp='50.414'/>
<dependency_failed type='abstract_with_unique_concrete_subtype' ctxk='java/security/MessageDigest' x='java/security/MessageDigest$Delegate' witness='org/bouncycastle/jcajce/provider/digest/BCMessageDigest' stamp='50.414'/>
<dependency_failed type='abstract_with_unique_concrete_subtype' ctxk='java/security/MessageDigest' x='java/security/MessageDigest$Delegate' witness='org/bouncycastle/jcajce/provider/digest/BCMessageDigest' stamp='50.414'/>
<dependency_failed type='abstract_with_unique_concrete_subtype' ctxk='java/security/MessageDigest' x='java/security/MessageDigest$Delegate' witness='org/bouncycastle/jcajce/provider/digest/BCMessageDigest' stamp='50.414'/>
<dependency_failed type='abstract_with_unique_concrete_subtype' ctxk='java/security/MessageDigest' x='java/security/MessageDigest$Delegate' witness='org/bouncycastle/jcajce/provider/digest/BCMessageDigest' stamp='50.414'/>
<dependency_failed type='abstract_with_unique_concrete_subtype' ctxk='java/security/MessageDigest' x='java/security/MessageDigest$Delegate' witness='org/bouncycastle/jcajce/provider/digest/BCMessageDigest' stamp='50.414'/>
<dependency_failed type='abstract_with_unique_concrete_subtype' ctxk='java/security/MessageDigest' x='java/security/MessageDigest$Delegate' witness='org/bouncycastle/jcajce/provider/digest/BCMessageDigest' stamp='50.414'/>
<dependency_failed type='abstract_with_unique_concrete_subtype' ctxk='java/security/MessageDigest' x='java/security/MessageDigest$Delegate' witness='org/bouncycastle/jcajce/provider/digest/BCMessageDigest' stamp='50.414'/>
<dependency_failed type='abstract_with_unique_concrete_subtype' ctxk='java/security/MessageDigest' x='java/security/MessageDigest$Delegate' witness='org/bouncycastle/jcajce/provider/digest/BCMessageDigest' stamp='50.414'/>
<dependency_failed type='unique_concrete_method' ctxk='org/hibernate/validator/internal/metadata/aggregated/CascadingMetaData' x='org/hibernate/validator/internal/metadata/aggregated/NonContainerCascadingMetaData isMarkedForCascadingOnAnnotatedObjectOrContainerElements ()Z' witness='org/hibernate/validator/internal/metadata/aggregated/CascadingMetaData' stamp='50.696'/>
<dependency_failed type='unique_concrete_method' ctxk='org/hibernate/validator/internal/metadata/aggregated/CascadingMetaData' x='org/hibernate/validator/internal/metadata/aggregated/NonContainerCascadingMetaData isMarkedForCascadingOnAnnotatedObjectOrContainerElements ()Z' witness='org/hibernate/validator/internal/metadata/aggregated/CascadingMetaData' stamp='50.696'/>
<dependency_failed type='unique_concrete_method' ctxk='org/hibernate/validator/internal/metadata/aggregated/CascadingMetaData' x='org/hibernate/validator/internal/metadata/aggregated/NonContainerCascadingMetaData isMarkedForCascadingOnAnnotatedObjectOrContainerElements ()Z' witness='org/hibernate/validator/internal/metadata/aggregated/CascadingMetaData' stamp='50.696'/>
<writer thread='11204'/>
<dependency_failed type='abstract_with_unique_concrete_subtype' ctxk='java/util/concurrent/ConcurrentSkipListMap$Iter' x='java/util/concurrent/ConcurrentSkipListMap$EntryIterator' witness='java/util/concurrent/ConcurrentSkipListMap$KeyIterator' stamp='51.832'/>
<dependency_failed type='abstract_with_unique_concrete_subtype' ctxk='java/util/concurrent/ConcurrentSkipListMap$Iter' x='java/util/concurrent/ConcurrentSkipListMap$EntryIterator' witness='java/util/concurrent/ConcurrentSkipListMap$KeyIterator' stamp='51.832'/>
<dependency_failed type='abstract_with_unique_concrete_subtype' ctxk='java/util/concurrent/ConcurrentSkipListMap$Iter' x='java/util/concurrent/ConcurrentSkipListMap$EntryIterator' witness='java/util/concurrent/ConcurrentSkipListMap$KeyIterator' stamp='51.832'/>
<dependency_failed type='abstract_with_unique_concrete_subtype' ctxk='java/util/concurrent/ConcurrentSkipListMap$Iter' x='java/util/concurrent/ConcurrentSkipListMap$EntryIterator' witness='java/util/concurrent/ConcurrentSkipListMap$KeyIterator' stamp='51.832'/>
<writer thread='16104'/>
<dependency_failed type='leaf_type' ctxk='java/io/File' witness='de/schlichtherle/truezip/file/TFile' stamp='52.159'/>
<dependency_failed type='leaf_type' ctxk='java/io/File' witness='de/schlichtherle/truezip/file/TFile' stamp='52.159'/>
<dependency_failed type='leaf_type' ctxk='java/io/File' witness='de/schlichtherle/truezip/file/TFile' stamp='52.159'/>
<dependency_failed type='leaf_type' ctxk='java/io/File' witness='de/schlichtherle/truezip/file/TFile' stamp='52.159'/>
<dependency_failed type='leaf_type' ctxk='java/io/File' witness='de/schlichtherle/truezip/file/TFile' stamp='52.159'/>
<dependency_failed type='unique_concrete_method' ctxk='java/io/File' x='java/io/File getPath ()Ljava/lang/String;' witness='de/schlichtherle/truezip/file/TFile' stamp='52.159'/>
<dependency_failed type='leaf_type' ctxk='java/io/File' witness='de/schlichtherle/truezip/file/TFile' stamp='52.159'/>
<dependency_failed type='leaf_type' ctxk='java/io/File' witness='de/schlichtherle/truezip/file/TFile' stamp='52.159'/>
<dependency_failed type='leaf_type' ctxk='java/io/File' witness='de/schlichtherle/truezip/file/TFile' stamp='52.159'/>
<dependency_failed type='unique_concrete_method' ctxk='java/io/File' x='java/io/File getPath ()Ljava/lang/String;' witness='de/schlichtherle/truezip/file/TFile' stamp='52.159'/>
<dependency_failed type='unique_concrete_method' ctxk='java/io/File' x='java/io/File toPath ()Ljava/nio/file/Path;' witness='de/schlichtherle/truezip/file/TFile' stamp='52.159'/>
<dependency_failed type='leaf_type' ctxk='java/io/File' witness='de/schlichtherle/truezip/file/TFile' stamp='52.159'/>
<dependency_failed type='leaf_type' ctxk='java/io/File' witness='de/schlichtherle/truezip/file/TFile' stamp='52.159'/>
<dependency_failed type='unique_concrete_method' ctxk='java/io/File' x='java/io/File isDirectory ()Z' witness='de/schlichtherle/truezip/file/TFile' stamp='52.159'/>
<dependency_failed type='leaf_type' ctxk='java/io/File' witness='de/schlichtherle/truezip/file/TFile' stamp='52.159'/>
<dependency_failed type='leaf_type' ctxk='java/io/File' witness='de/schlichtherle/truezip/file/TFile' stamp='52.159'/>
<dependency_failed type='unique_concrete_method' ctxk='java/io/File' x='java/io/File getAbsolutePath ()Ljava/lang/String;' witness='de/schlichtherle/truezip/file/TFile' stamp='52.160'/>
<dependency_failed type='leaf_type' ctxk='java/io/File' witness='de/schlichtherle/truezip/file/TFile' stamp='52.160'/>
<dependency_failed type='leaf_type' ctxk='java/io/File' witness='de/schlichtherle/truezip/file/TFile' stamp='52.160'/>
<dependency_failed type='leaf_type' ctxk='java/io/File' witness='de/schlichtherle/truezip/file/TFile' stamp='52.160'/>
<dependency_failed type='leaf_type' ctxk='java/io/File' witness='de/schlichtherle/truezip/file/TFile' stamp='52.160'/>
<dependency_failed type='leaf_type' ctxk='java/io/File' witness='de/schlichtherle/truezip/file/TFile' stamp='52.160'/>
<dependency_failed type='leaf_type' ctxk='java/io/File' witness='de/schlichtherle/truezip/file/TFile' stamp='52.160'/>
<dependency_failed type='leaf_type' ctxk='java/io/File' witness='de/schlichtherle/truezip/file/TFile' stamp='52.160'/>
<dependency_failed type='leaf_type' ctxk='java/io/File' witness='de/schlichtherle/truezip/file/TFile' stamp='52.160'/>
<dependency_failed type='leaf_type' ctxk='java/io/File' witness='de/schlichtherle/truezip/file/TFile' stamp='52.160'/>
<dependency_failed type='leaf_type' ctxk='java/io/File' witness='de/schlichtherle/truezip/file/TFile' stamp='52.160'/>
<dependency_failed type='leaf_type' ctxk='java/io/File' witness='de/schlichtherle/truezip/file/TFile' stamp='52.160'/>
<dependency_failed type='leaf_type' ctxk='java/io/File' witness='de/schlichtherle/truezip/file/TFile' stamp='52.160'/>
<dependency_failed type='leaf_type' ctxk='java/io/File' witness='de/schlichtherle/truezip/file/TFile' stamp='52.160'/>
<dependency_failed type='leaf_type' ctxk='java/io/File' witness='de/schlichtherle/truezip/file/TFile' stamp='52.160'/>
<dependency_failed type='leaf_type' ctxk='java/io/File' witness='de/schlichtherle/truezip/file/TFile' stamp='52.160'/>
<dependency_failed type='leaf_type' ctxk='java/io/File' witness='de/schlichtherle/truezip/file/TFile' stamp='52.160'/>
<dependency_failed type='leaf_type' ctxk='java/io/File' witness='de/schlichtherle/truezip/file/TFile' stamp='52.160'/>
<dependency_failed type='leaf_type' ctxk='java/io/File' witness='de/schlichtherle/truezip/file/TFile' stamp='52.160'/>
<dependency_failed type='unique_concrete_method' ctxk='org/aopalliance/intercept/MethodInvocation' x='com/google/inject/internal/InterceptorStackCallback$InterceptedMethodInvocation getMethod ()Ljava/lang/reflect/Method;' witness='org/aopalliance/intercept/MethodInvocation' stamp='52.208'/>
<dependency_failed type='unique_concrete_method' ctxk='org/aopalliance/intercept/MethodInvocation' x='com/google/inject/internal/InterceptorStackCallback$InterceptedMethodInvocation getMethod ()Ljava/lang/reflect/Method;' witness='org/aopalliance/intercept/MethodInvocation' stamp='52.209'/>
<dependency_failed type='unique_concrete_method' ctxk='com/google/common/collect/Maps$ViewCachingAbstractMap' x='com/google/common/collect/Maps$ViewCachingAbstractMap createValues ()Ljava/util/Collection;' witness='com/google/common/collect/Maps$AbstractFilteredMap' stamp='52.392'/>
<dependency_failed type='abstract_with_unique_concrete_subtype' ctxk='com/google/common/collect/Maps$ViewCachingAbstractMap' x='com/google/common/collect/AbstractMapBasedMultimap$AsMap' witness='com/google/common/collect/Maps$FilteredKeyMap' stamp='52.394'/>
<dependency_failed type='abstract_with_unique_concrete_subtype' ctxk='com/google/common/collect/Maps$ViewCachingAbstractMap' x='com/google/common/collect/AbstractMapBasedMultimap$AsMap' witness='com/google/common/collect/Maps$FilteredKeyMap' stamp='52.394'/>
<writer thread='12544'/>
<dependency_failed type='unique_concrete_method' ctxk='java/io/BufferedReader' x='java/io/BufferedReader close ()V' witness='org/eclipse/jetty/server/Request$1' stamp='58.973'/>
<writer thread='12592'/>
<dependency_failed type='leaf_type' ctxk='java/util/Collections$SynchronizedMap' witness='java/util/Collections$SynchronizedSortedMap' stamp='60.302'/>
<dependency_failed type='leaf_type' ctxk='java/util/Collections$SynchronizedMap' witness='java/util/Collections$SynchronizedSortedMap' stamp='60.302'/>
<dependency_failed type='abstract_with_unique_concrete_subtype' ctxk='com/google/common/collect/ImmutableMultimap' x='com/google/common/collect/ImmutableListMultimap' witness='com/google/common/collect/ImmutableSetMultimap' stamp='60.936'/>
<dependency_failed type='abstract_with_unique_concrete_subtype' ctxk='com/google/common/collect/ImmutableMultimap' x='com/google/common/collect/ImmutableListMultimap' witness='com/google/common/collect/ImmutableSetMultimap' stamp='60.936'/>
<dependency_failed type='unique_concrete_method' ctxk='ch/qos/logback/core/spi/DeferredProcessingAware' x='ch/qos/logback/classic/spi/LoggingEvent prepareForDeferredProcessing ()V' witness='ch/qos/logback/core/spi/DeferredProcessingAware' stamp='61.030'/>
<writer thread='11664'/>
<dependency_failed type='abstract_with_unique_concrete_subtype' ctxk='com/google/common/collect/ImmutableMultimap' x='com/google/common/collect/ImmutableListMultimap' witness='com/google/common/collect/ImmutableSetMultimap' stamp='61.285'/>
<write